
Running 100 tests using 4 workers

[1A[2K[1/100] [chromium] › e2e/aria.sse.spec.ts:67:7 › ARIA SSE (real) › happy path: tokens then done
[1A[2K[2/100] [chromium] › e2e/aria.sse.spec.ts:67:7 › ARIA SSE (real) › happy path: tokens then done
[1A[2K[3/100] [chromium] › e2e/aria.sse.spec.ts:67:7 › ARIA SSE (real) › happy path: tokens then done
[1A[2K[4/100] [chromium] › e2e/aria.sse.spec.ts:67:7 › ARIA SSE (real) › happy path: tokens then done
[1A[2K[chromium] › e2e/aria.sse.spec.ts:67:7 › ARIA SSE (real) › happy path: tokens then done
[SSE][excerpt] [
  [32m'token:{"text":"E"}'[39m,
  [32m'token:{"text":"x"}'[39m,
  [32m'token:{"text":"p"}'[39m,
  [32m'token:{"text":"l"}'[39m,
  [32m'token:{"text":"i"}'[39m,
  [32m'token:{"text":"q"}'[39m
]

[1A[2K[SSE][latency_ms] [33m116[39m

[1A[2K[chromium] › e2e/aria.sse.spec.ts:67:7 › ARIA SSE (real) › happy path: tokens then done
[SSE][excerpt] [
  [32m'token:{"text":"E"}'[39m,
  [32m'token:{"text":"x"}'[39m,
  [32m'token:{"text":"p"}'[39m,
  [32m'token:{"text":"l"}'[39m,
  [32m'token:{"text":"i"}'[39m,
  [32m'token:{"text":"q"}'[39m
]

[1A[2K[SSE][latency_ms] [33m127[39m

[1A[2K[chromium] › e2e/aria.sse.spec.ts:67:7 › ARIA SSE (real) › happy path: tokens then done
[SSE][excerpt] [
  [32m'token:{"text":"E"}'[39m,
  [32m'token:{"text":"x"}'[39m,
  [32m'token:{"text":"p"}'[39m,
  [32m'token:{"text":"l"}'[39m,
  [32m'token:{"text":"i"}'[39m,
  [32m'token:{"text":"q"}'[39m
]

[1A[2K[SSE][latency_ms] [33m148[39m

[1A[2K[chromium] › e2e/aria.sse.spec.ts:67:7 › ARIA SSE (real) › happy path: tokens then done
[SSE][excerpt] [
  [32m'token:{"text":"E"}'[39m,
  [32m'token:{"text":"x"}'[39m,
  [32m'token:{"text":"p"}'[39m,
  [32m'token:{"text":"l"}'[39m,
  [32m'token:{"text":"i"}'[39m,
  [32m'token:{"text":"q"}'[39m
]

[1A[2K[SSE][latency_ms] [33m154[39m

[1A[2K[5/100] [chromium] › e2e/aria.sse.spec.ts:67:7 › ARIA SSE (real) › happy path: tokens then done
[1A[2K[6/100] [chromium] › e2e/aria.sse.spec.ts:67:7 › ARIA SSE (real) › happy path: tokens then done
[1A[2K[7/100] [chromium] › e2e/aria.sse.spec.ts:67:7 › ARIA SSE (real) › happy path: tokens then done
[1A[2K[8/100] [chromium] › e2e/aria.sse.spec.ts:67:7 › ARIA SSE (real) › happy path: tokens then done
[1A[2K[chromium] › e2e/aria.sse.spec.ts:67:7 › ARIA SSE (real) › happy path: tokens then done
[SSE][excerpt] [
  [32m'token:{"text":"E"}'[39m,
  [32m'token:{"text":"x"}'[39m,
  [32m'token:{"text":"p"}'[39m,
  [32m'token:{"text":"l"}'[39m,
  [32m'token:{"text":"i"}'[39m,
  [32m'token:{"text":"q"}'[39m
]

[1A[2K[SSE][latency_ms] [33m88[39m

[1A[2K[chromium] › e2e/aria.sse.spec.ts:67:7 › ARIA SSE (real) › happy path: tokens then done
[SSE][excerpt] [
  [32m'token:{"text":"E"}'[39m,
  [32m'token:{"text":"x"}'[39m,
  [32m'token:{"text":"p"}'[39m,
  [32m'token:{"text":"l"}'[39m,
  [32m'token:{"text":"i"}'[39m,
  [32m'token:{"text":"q"}'[39m
]

[1A[2K[SSE][latency_ms] [33m82[39m

[1A[2K[chromium] › e2e/aria.sse.spec.ts:67:7 › ARIA SSE (real) › happy path: tokens then done
[SSE][excerpt] [
  [32m'token:{"text":"E"}'[39m,
  [32m'token:{"text":"x"}'[39m,
  [32m'token:{"text":"p"}'[39m,
  [32m'token:{"text":"l"}'[39m,
  [32m'token:{"text":"i"}'[39m,
  [32m'token:{"text":"q"}'[39m
]

[1A[2K[SSE][latency_ms] [33m97[39m

[1A[2K[chromium] › e2e/aria.sse.spec.ts:67:7 › ARIA SSE (real) › happy path: tokens then done
[SSE][excerpt] [
  [32m'token:{"text":"E"}'[39m,
  [32m'token:{"text":"x"}'[39m,
  [32m'token:{"text":"p"}'[39m,
  [32m'token:{"text":"l"}'[39m,
  [32m'token:{"text":"i"}'[39m,
  [32m'token:{"text":"q"}'[39m
]

[1A[2K[SSE][latency_ms] [33m94[39m

[1A[2K[9/100] [chromium] › e2e/aria.sse.spec.ts:67:7 › ARIA SSE (real) › happy path: tokens then done
[1A[2K[10/100] [chromium] › e2e/aria.sse.spec.ts:67:7 › ARIA SSE (real) › happy path: tokens then done
[1A[2K[11/100] [chromium] › e2e/aria.sse.spec.ts:67:7 › ARIA SSE (real) › happy path: tokens then done
[1A[2K[12/100] [chromium] › e2e/aria.sse.spec.ts:67:7 › ARIA SSE (real) › happy path: tokens then done
[1A[2K[chromium] › e2e/aria.sse.spec.ts:67:7 › ARIA SSE (real) › happy path: tokens then done
[SSE][excerpt] [
  [32m'token:{"text":"E"}'[39m,
  [32m'token:{"text":"x"}'[39m,
  [32m'token:{"text":"p"}'[39m,
  [32m'token:{"text":"l"}'[39m,
  [32m'token:{"text":"i"}'[39m,
  [32m'token:{"text":"q"}'[39m
]

[1A[2K[SSE][latency_ms] [33m82[39m

[1A[2K[chromium] › e2e/aria.sse.spec.ts:67:7 › ARIA SSE (real) › happy path: tokens then done
[SSE][excerpt] [
  [32m'token:{"text":"E"}'[39m,
  [32m'token:{"text":"x"}'[39m,
  [32m'token:{"text":"p"}'[39m,
  [32m'token:{"text":"l"}'[39m,
  [32m'token:{"text":"i"}'[39m,
  [32m'token:{"text":"q"}'[39m
]

[1A[2K[SSE][latency_ms] [33m94[39m

[1A[2K[chromium] › e2e/aria.sse.spec.ts:67:7 › ARIA SSE (real) › happy path: tokens then done
[SSE][excerpt] [
  [32m'token:{"text":"E"}'[39m,
  [32m'token:{"text":"x"}'[39m,
  [32m'token:{"text":"p"}'[39m,
  [32m'token:{"text":"l"}'[39m,
  [32m'token:{"text":"i"}'[39m,
  [32m'token:{"text":"q"}'[39m
]

[1A[2K[SSE][latency_ms] [33m92[39m

[1A[2K[chromium] › e2e/aria.sse.spec.ts:67:7 › ARIA SSE (real) › happy path: tokens then done
[SSE][excerpt] [
  [32m'token:{"text":"E"}'[39m,
  [32m'token:{"text":"x"}'[39m,
  [32m'token:{"text":"p"}'[39m,
  [32m'token:{"text":"l"}'[39m,
  [32m'token:{"text":"i"}'[39m,
  [32m'token:{"text":"q"}'[39m
]

[1A[2K[SSE][latency_ms] [33m104[39m

[1A[2K[13/100] [chromium] › e2e/aria.sse.spec.ts:67:7 › ARIA SSE (real) › happy path: tokens then done
[1A[2K[14/100] [chromium] › e2e/aria.sse.spec.ts:67:7 › ARIA SSE (real) › happy path: tokens then done
[1A[2K[15/100] [chromium] › e2e/aria.sse.spec.ts:67:7 › ARIA SSE (real) › happy path: tokens then done
[1A[2K[16/100] [chromium] › e2e/aria.sse.spec.ts:67:7 › ARIA SSE (real) › happy path: tokens then done
[1A[2K[chromium] › e2e/aria.sse.spec.ts:67:7 › ARIA SSE (real) › happy path: tokens then done
[SSE][excerpt] [
  [32m'token:{"text":"E"}'[39m,
  [32m'token:{"text":"x"}'[39m,
  [32m'token:{"text":"p"}'[39m,
  [32m'token:{"text":"l"}'[39m,
  [32m'token:{"text":"i"}'[39m,
  [32m'token:{"text":"q"}'[39m
]

[1A[2K[SSE][latency_ms] [33m101[39m

[1A[2K[chromium] › e2e/aria.sse.spec.ts:67:7 › ARIA SSE (real) › happy path: tokens then done
[SSE][excerpt] [
  [32m'token:{"text":"E"}'[39m,
  [32m'token:{"text":"x"}'[39m,
  [32m'token:{"text":"p"}'[39m,
  [32m'token:{"text":"l"}'[39m,
  [32m'token:{"text":"i"}'[39m,
  [32m'token:{"text":"q"}'[39m
]

[1A[2K[SSE][latency_ms] [33m98[39m

[1A[2K[chromium] › e2e/aria.sse.spec.ts:67:7 › ARIA SSE (real) › happy path: tokens then done
[SSE][excerpt] [
  [32m'token:{"text":"E"}'[39m,
  [32m'token:{"text":"x"}'[39m,
  [32m'token:{"text":"p"}'[39m,
  [32m'token:{"text":"l"}'[39m,
  [32m'token:{"text":"i"}'[39m,
  [32m'token:{"text":"q"}'[39m
]

[1A[2K[SSE][latency_ms] [33m81[39m

[1A[2K[chromium] › e2e/aria.sse.spec.ts:67:7 › ARIA SSE (real) › happy path: tokens then done
[SSE][excerpt] [
  [32m'token:{"text":"E"}'[39m,
  [32m'token:{"text":"x"}'[39m,
  [32m'token:{"text":"p"}'[39m,
  [32m'token:{"text":"l"}'[39m,
  [32m'token:{"text":"i"}'[39m,
  [32m'token:{"text":"q"}'[39m
]

[1A[2K[SSE][latency_ms] [33m86[39m

[1A[2K[17/100] [chromium] › e2e/aria.sse.spec.ts:67:7 › ARIA SSE (real) › happy path: tokens then done
[1A[2K[18/100] [chromium] › e2e/aria.sse.spec.ts:67:7 › ARIA SSE (real) › happy path: tokens then done
[1A[2K[19/100] [chromium] › e2e/aria.sse.spec.ts:67:7 › ARIA SSE (real) › happy path: tokens then done
[1A[2K[chromium] › e2e/aria.sse.spec.ts:67:7 › ARIA SSE (real) › happy path: tokens then done
[SSE][excerpt] [
  [32m'token:{"text":"E"}'[39m,
  [32m'token:{"text":"x"}'[39m,
  [32m'token:{"text":"p"}'[39m,
  [32m'token:{"text":"l"}'[39m,
  [32m'token:{"text":"i"}'[39m,
  [32m'token:{"text":"q"}'[39m
]

[1A[2K[SSE][latency_ms] [33m87[39m

[1A[2K[20/100] [chromium] › e2e/aria.sse.spec.ts:67:7 › ARIA SSE (real) › happy path: tokens then done
[1A[2K[chromium] › e2e/aria.sse.spec.ts:67:7 › ARIA SSE (real) › happy path: tokens then done
[SSE][excerpt] [
  [32m'token:{"text":"E"}'[39m,
  [32m'token:{"text":"x"}'[39m,
  [32m'token:{"text":"p"}'[39m,
  [32m'token:{"text":"l"}'[39m,
  [32m'token:{"text":"i"}'[39m,
  [32m'token:{"text":"q"}'[39m
]

[1A[2K[SSE][latency_ms] [33m97[39m

[1A[2K[chromium] › e2e/aria.sse.spec.ts:67:7 › ARIA SSE (real) › happy path: tokens then done
[SSE][excerpt] [
  [32m'token:{"text":"E"}'[39m,
  [32m'token:{"text":"x"}'[39m,
  [32m'token:{"text":"p"}'[39m,
  [32m'token:{"text":"l"}'[39m,
  [32m'token:{"text":"i"}'[39m,
  [32m'token:{"text":"q"}'[39m
]

[1A[2K[SSE][latency_ms] [33m92[39m

[1A[2K[chromium] › e2e/aria.sse.spec.ts:67:7 › ARIA SSE (real) › happy path: tokens then done
[SSE][excerpt] [
  [32m'token:{"text":"E"}'[39m,
  [32m'token:{"text":"x"}'[39m,
  [32m'token:{"text":"p"}'[39m,
  [32m'token:{"text":"l"}'[39m,
  [32m'token:{"text":"i"}'[39m,
  [32m'token:{"text":"q"}'[39m
]

[1A[2K[SSE][latency_ms] [33m82[39m

[1A[2K[21/100] [chromium] › e2e/aria.sse.spec.ts:67:7 › ARIA SSE (real) › happy path: tokens then done
[1A[2K[22/100] [chromium] › e2e/aria.sse.spec.ts:67:7 › ARIA SSE (real) › happy path: tokens then done
[1A[2K[23/100] [chromium] › e2e/aria.sse.spec.ts:67:7 › ARIA SSE (real) › happy path: tokens then done
[1A[2K[24/100] [chromium] › e2e/aria.sse.spec.ts:67:7 › ARIA SSE (real) › happy path: tokens then done
[1A[2K[chromium] › e2e/aria.sse.spec.ts:67:7 › ARIA SSE (real) › happy path: tokens then done
[SSE][excerpt] [
  [32m'token:{"text":"E"}'[39m,
  [32m'token:{"text":"x"}'[39m,
  [32m'token:{"text":"p"}'[39m,
  [32m'token:{"text":"l"}'[39m,
  [32m'token:{"text":"i"}'[39m,
  [32m'token:{"text":"q"}'[39m
]

[1A[2K[SSE][latency_ms] [33m96[39m

[1A[2K[chromium] › e2e/aria.sse.spec.ts:67:7 › ARIA SSE (real) › happy path: tokens then done
[SSE][excerpt] [
  [32m'token:{"text":"E"}'[39m,
  [32m'token:{"text":"x"}'[39m,
  [32m'token:{"text":"p"}'[39m,
  [32m'token:{"text":"l"}'[39m,
  [32m'token:{"text":"i"}'[39m,
  [32m'token:{"text":"q"}'[39m
]

[1A[2K[SSE][latency_ms] [33m88[39m

[1A[2K[chromium] › e2e/aria.sse.spec.ts:67:7 › ARIA SSE (real) › happy path: tokens then done
[SSE][excerpt] [
  [32m'token:{"text":"E"}'[39m,
  [32m'token:{"text":"x"}'[39m,
  [32m'token:{"text":"p"}'[39m,
  [32m'token:{"text":"l"}'[39m,
  [32m'token:{"text":"i"}'[39m,
  [32m'token:{"text":"q"}'[39m
]

[1A[2K[SSE][latency_ms] [33m103[39m

[1A[2K[chromium] › e2e/aria.sse.spec.ts:67:7 › ARIA SSE (real) › happy path: tokens then done
[SSE][excerpt] [
  [32m'token:{"text":"E"}'[39m,
  [32m'token:{"text":"x"}'[39m,
  [32m'token:{"text":"p"}'[39m,
  [32m'token:{"text":"l"}'[39m,
  [32m'token:{"text":"i"}'[39m,
  [32m'token:{"text":"q"}'[39m
]

[1A[2K[SSE][latency_ms] [33m107[39m

[1A[2K[25/100] [chromium] › e2e/aria.sse.spec.ts:67:7 › ARIA SSE (real) › happy path: tokens then done
[1A[2K[26/100] [chromium] › e2e/aria.sse.spec.ts:67:7 › ARIA SSE (real) › happy path: tokens then done
[1A[2K[27/100] [chromium] › e2e/aria.sse.spec.ts:67:7 › ARIA SSE (real) › happy path: tokens then done
[1A[2K[28/100] [chromium] › e2e/aria.sse.spec.ts:67:7 › ARIA SSE (real) › happy path: tokens then done
[1A[2K[chromium] › e2e/aria.sse.spec.ts:67:7 › ARIA SSE (real) › happy path: tokens then done
[SSE][excerpt] [
  [32m'token:{"text":"E"}'[39m,
  [32m'token:{"text":"x"}'[39m,
  [32m'token:{"text":"p"}'[39m,
  [32m'token:{"text":"l"}'[39m,
  [32m'token:{"text":"i"}'[39m,
  [32m'token:{"text":"q"}'[39m
]

[1A[2K[SSE][latency_ms] [33m93[39m

[1A[2K[chromium] › e2e/aria.sse.spec.ts:67:7 › ARIA SSE (real) › happy path: tokens then done
[SSE][excerpt] [
  [32m'token:{"text":"E"}'[39m,
  [32m'token:{"text":"x"}'[39m,
  [32m'token:{"text":"p"}'[39m,
  [32m'token:{"text":"l"}'[39m,
  [32m'token:{"text":"i"}'[39m,
  [32m'token:{"text":"q"}'[39m
]

[1A[2K[SSE][latency_ms] [33m91[39m

[1A[2K[chromium] › e2e/aria.sse.spec.ts:67:7 › ARIA SSE (real) › happy path: tokens then done
[SSE][excerpt] [
  [32m'token:{"text":"E"}'[39m,
  [32m'token:{"text":"x"}'[39m,
  [32m'token:{"text":"p"}'[39m,
  [32m'token:{"text":"l"}'[39m,
  [32m'token:{"text":"i"}'[39m,
  [32m'token:{"text":"q"}'[39m
]

[1A[2K[SSE][latency_ms] [33m85[39m

[1A[2K[chromium] › e2e/aria.sse.spec.ts:67:7 › ARIA SSE (real) › happy path: tokens then done
[SSE][excerpt] [
  [32m'token:{"text":"E"}'[39m,
  [32m'token:{"text":"x"}'[39m,
  [32m'token:{"text":"p"}'[39m,
  [32m'token:{"text":"l"}'[39m,
  [32m'token:{"text":"i"}'[39m,
  [32m'token:{"text":"q"}'[39m
]

[1A[2K[SSE][latency_ms] [33m82[39m

[1A[2K[29/100] [chromium] › e2e/aria.sse.spec.ts:67:7 › ARIA SSE (real) › happy path: tokens then done
[1A[2K[30/100] [chromium] › e2e/aria.sse.spec.ts:67:7 › ARIA SSE (real) › happy path: tokens then done
[1A[2K[31/100] [chromium] › e2e/aria.sse.spec.ts:67:7 › ARIA SSE (real) › happy path: tokens then done
[1A[2K[chromium] › e2e/aria.sse.spec.ts:67:7 › ARIA SSE (real) › happy path: tokens then done
[SSE][excerpt] [
  [32m'token:{"text":"E"}'[39m,
  [32m'token:{"text":"x"}'[39m,
  [32m'token:{"text":"p"}'[39m,
  [32m'token:{"text":"l"}'[39m,
  [32m'token:{"text":"i"}'[39m,
  [32m'token:{"text":"q"}'[39m
]

[1A[2K[SSE][latency_ms] [33m83[39m

[1A[2K[chromium] › e2e/aria.sse.spec.ts:67:7 › ARIA SSE (real) › happy path: tokens then done
[SSE][excerpt] [
  [32m'token:{"text":"E"}'[39m,
  [32m'token:{"text":"x"}'[39m,
  [32m'token:{"text":"p"}'[39m,
  [32m'token:{"text":"l"}'[39m,
  [32m'token:{"text":"i"}'[39m,
  [32m'token:{"text":"q"}'[39m
]

[1A[2K[SSE][latency_ms] [33m72[39m

[1A[2K[32/100] [chromium] › e2e/aria.sse.spec.ts:67:7 › ARIA SSE (real) › happy path: tokens then done
[1A[2K  1) [chromium] › e2e/aria.sse.spec.ts:67:7 › ARIA SSE (real) › happy path: tokens then done ───────

    Error: HTTP 429

      27 |   const tokens: string[] = [];
      28 |   const res = await fetch(url, { ...init, signal: ctrl.signal });
    > 29 |   if (!res.ok) throw new Error(`HTTP ${res.status}`);
         |                      ^
      30 |   const reader = (res.body as any).getReader();
      31 |   const decoder = new TextDecoder('utf-8');
      32 |   let buffer = '';
        at consumeSSE (/home/alaeddine/Documents/nexus-project_v0/e2e/aria.sse.spec.ts:29:22)
        at /home/alaeddine/Documents/nexus-project_v0/e2e/aria.sse.spec.ts:76:32


[1A[2K  2) [chromium] › e2e/aria.sse.spec.ts:67:7 › ARIA SSE (real) › happy path: tokens then done ───────

    Error: HTTP 429

      27 |   const tokens: string[] = [];
      28 |   const res = await fetch(url, { ...init, signal: ctrl.signal });
    > 29 |   if (!res.ok) throw new Error(`HTTP ${res.status}`);
         |                      ^
      30 |   const reader = (res.body as any).getReader();
      31 |   const decoder = new TextDecoder('utf-8');
      32 |   let buffer = '';
        at consumeSSE (/home/alaeddine/Documents/nexus-project_v0/e2e/aria.sse.spec.ts:29:22)
        at /home/alaeddine/Documents/nexus-project_v0/e2e/aria.sse.spec.ts:76:32


[1A[2K[33/100] [chromium] › e2e/aria.sse.spec.ts:67:7 › ARIA SSE (real) › happy path: tokens then done
[1A[2K[34/100] [chromium] › e2e/aria.sse.spec.ts:67:7 › ARIA SSE (real) › happy path: tokens then done
[1A[2K[35/100] [chromium] › e2e/aria.sse.spec.ts:67:7 › ARIA SSE (real) › happy path: tokens then done
[1A[2K  3) [chromium] › e2e/aria.sse.spec.ts:67:7 › ARIA SSE (real) › happy path: tokens then done ───────

    Error: HTTP 429

      27 |   const tokens: string[] = [];
      28 |   const res = await fetch(url, { ...init, signal: ctrl.signal });
    > 29 |   if (!res.ok) throw new Error(`HTTP ${res.status}`);
         |                      ^
      30 |   const reader = (res.body as any).getReader();
      31 |   const decoder = new TextDecoder('utf-8');
      32 |   let buffer = '';
        at consumeSSE (/home/alaeddine/Documents/nexus-project_v0/e2e/aria.sse.spec.ts:29:22)
        at /home/alaeddine/Documents/nexus-project_v0/e2e/aria.sse.spec.ts:76:32


[1A[2K[36/100] [chromium] › e2e/aria.sse.spec.ts:67:7 › ARIA SSE (real) › happy path: tokens then done
[1A[2K  4) [chromium] › e2e/aria.sse.spec.ts:67:7 › ARIA SSE (real) › happy path: tokens then done ───────

    Error: HTTP 429

      27 |   const tokens: string[] = [];
      28 |   const res = await fetch(url, { ...init, signal: ctrl.signal });
    > 29 |   if (!res.ok) throw new Error(`HTTP ${res.status}`);
         |                      ^
      30 |   const reader = (res.body as any).getReader();
      31 |   const decoder = new TextDecoder('utf-8');
      32 |   let buffer = '';
        at consumeSSE (/home/alaeddine/Documents/nexus-project_v0/e2e/aria.sse.spec.ts:29:22)
        at /home/alaeddine/Documents/nexus-project_v0/e2e/aria.sse.spec.ts:76:32


[1A[2K  5) [chromium] › e2e/aria.sse.spec.ts:67:7 › ARIA SSE (real) › happy path: tokens then done ───────

    Error: HTTP 429

      27 |   const tokens: string[] = [];
      28 |   const res = await fetch(url, { ...init, signal: ctrl.signal });
    > 29 |   if (!res.ok) throw new Error(`HTTP ${res.status}`);
         |                      ^
      30 |   const reader = (res.body as any).getReader();
      31 |   const decoder = new TextDecoder('utf-8');
      32 |   let buffer = '';
        at consumeSSE (/home/alaeddine/Documents/nexus-project_v0/e2e/aria.sse.spec.ts:29:22)
        at /home/alaeddine/Documents/nexus-project_v0/e2e/aria.sse.spec.ts:76:32


[1A[2K  6) [chromium] › e2e/aria.sse.spec.ts:67:7 › ARIA SSE (real) › happy path: tokens then done ───────

    Error: HTTP 429

      27 |   const tokens: string[] = [];
      28 |   const res = await fetch(url, { ...init, signal: ctrl.signal });
    > 29 |   if (!res.ok) throw new Error(`HTTP ${res.status}`);
         |                      ^
      30 |   const reader = (res.body as any).getReader();
      31 |   const decoder = new TextDecoder('utf-8');
      32 |   let buffer = '';
        at consumeSSE (/home/alaeddine/Documents/nexus-project_v0/e2e/aria.sse.spec.ts:29:22)
        at /home/alaeddine/Documents/nexus-project_v0/e2e/aria.sse.spec.ts:76:32


[1A[2K[37/100] [chromium] › e2e/aria.sse.spec.ts:67:7 › ARIA SSE (real) › happy path: tokens then done
[1A[2K[38/100] [chromium] › e2e/aria.sse.spec.ts:67:7 › ARIA SSE (real) › happy path: tokens then done
[1A[2K[39/100] [chromium] › e2e/aria.sse.spec.ts:67:7 › ARIA SSE (real) › happy path: tokens then done
[1A[2K  7) [chromium] › e2e/aria.sse.spec.ts:67:7 › ARIA SSE (real) › happy path: tokens then done ───────

    Error: HTTP 429

      27 |   const tokens: string[] = [];
      28 |   const res = await fetch(url, { ...init, signal: ctrl.signal });
    > 29 |   if (!res.ok) throw new Error(`HTTP ${res.status}`);
         |                      ^
      30 |   const reader = (res.body as any).getReader();
      31 |   const decoder = new TextDecoder('utf-8');
      32 |   let buffer = '';
        at consumeSSE (/home/alaeddine/Documents/nexus-project_v0/e2e/aria.sse.spec.ts:29:22)
        at /home/alaeddine/Documents/nexus-project_v0/e2e/aria.sse.spec.ts:76:32


[1A[2K[40/100] [chromium] › e2e/aria.sse.spec.ts:67:7 › ARIA SSE (real) › happy path: tokens then done
[1A[2K  8) [chromium] › e2e/aria.sse.spec.ts:67:7 › ARIA SSE (real) › happy path: tokens then done ───────

    Error: HTTP 429

      27 |   const tokens: string[] = [];
      28 |   const res = await fetch(url, { ...init, signal: ctrl.signal });
    > 29 |   if (!res.ok) throw new Error(`HTTP ${res.status}`);
         |                      ^
      30 |   const reader = (res.body as any).getReader();
      31 |   const decoder = new TextDecoder('utf-8');
      32 |   let buffer = '';
        at consumeSSE (/home/alaeddine/Documents/nexus-project_v0/e2e/aria.sse.spec.ts:29:22)
        at /home/alaeddine/Documents/nexus-project_v0/e2e/aria.sse.spec.ts:76:32


[1A[2K  9) [chromium] › e2e/aria.sse.spec.ts:67:7 › ARIA SSE (real) › happy path: tokens then done ───────

    Error: HTTP 429

      27 |   const tokens: string[] = [];
      28 |   const res = await fetch(url, { ...init, signal: ctrl.signal });
    > 29 |   if (!res.ok) throw new Error(`HTTP ${res.status}`);
         |                      ^
      30 |   const reader = (res.body as any).getReader();
      31 |   const decoder = new TextDecoder('utf-8');
      32 |   let buffer = '';
        at consumeSSE (/home/alaeddine/Documents/nexus-project_v0/e2e/aria.sse.spec.ts:29:22)
        at /home/alaeddine/Documents/nexus-project_v0/e2e/aria.sse.spec.ts:76:32


[1A[2K  10) [chromium] › e2e/aria.sse.spec.ts:67:7 › ARIA SSE (real) › happy path: tokens then done ──────

    Error: HTTP 429

      27 |   const tokens: string[] = [];
      28 |   const res = await fetch(url, { ...init, signal: ctrl.signal });
    > 29 |   if (!res.ok) throw new Error(`HTTP ${res.status}`);
         |                      ^
      30 |   const reader = (res.body as any).getReader();
      31 |   const decoder = new TextDecoder('utf-8');
      32 |   let buffer = '';
        at consumeSSE (/home/alaeddine/Documents/nexus-project_v0/e2e/aria.sse.spec.ts:29:22)
        at /home/alaeddine/Documents/nexus-project_v0/e2e/aria.sse.spec.ts:76:32


[1A[2K[41/100] [chromium] › e2e/aria.sse.spec.ts:67:7 › ARIA SSE (real) › happy path: tokens then done
[1A[2K[42/100] [chromium] › e2e/aria.sse.spec.ts:67:7 › ARIA SSE (real) › happy path: tokens then done
[1A[2K  11) [chromium] › e2e/aria.sse.spec.ts:67:7 › ARIA SSE (real) › happy path: tokens then done ──────

    Error: HTTP 429

      27 |   const tokens: string[] = [];
      28 |   const res = await fetch(url, { ...init, signal: ctrl.signal });
    > 29 |   if (!res.ok) throw new Error(`HTTP ${res.status}`);
         |                      ^
      30 |   const reader = (res.body as any).getReader();
      31 |   const decoder = new TextDecoder('utf-8');
      32 |   let buffer = '';
        at consumeSSE (/home/alaeddine/Documents/nexus-project_v0/e2e/aria.sse.spec.ts:29:22)
        at /home/alaeddine/Documents/nexus-project_v0/e2e/aria.sse.spec.ts:76:32


[1A[2K[43/100] [chromium] › e2e/aria.sse.spec.ts:67:7 › ARIA SSE (real) › happy path: tokens then done
[1A[2K  12) [chromium] › e2e/aria.sse.spec.ts:67:7 › ARIA SSE (real) › happy path: tokens then done ──────

    Error: HTTP 429

      27 |   const tokens: string[] = [];
      28 |   const res = await fetch(url, { ...init, signal: ctrl.signal });
    > 29 |   if (!res.ok) throw new Error(`HTTP ${res.status}`);
         |                      ^
      30 |   const reader = (res.body as any).getReader();
      31 |   const decoder = new TextDecoder('utf-8');
      32 |   let buffer = '';
        at consumeSSE (/home/alaeddine/Documents/nexus-project_v0/e2e/aria.sse.spec.ts:29:22)
        at /home/alaeddine/Documents/nexus-project_v0/e2e/aria.sse.spec.ts:76:32


[1A[2K[44/100] [chromium] › e2e/aria.sse.spec.ts:67:7 › ARIA SSE (real) › happy path: tokens then done
[1A[2K  13) [chromium] › e2e/aria.sse.spec.ts:67:7 › ARIA SSE (real) › happy path: tokens then done ──────

    Error: HTTP 429

      27 |   const tokens: string[] = [];
      28 |   const res = await fetch(url, { ...init, signal: ctrl.signal });
    > 29 |   if (!res.ok) throw new Error(`HTTP ${res.status}`);
         |                      ^
      30 |   const reader = (res.body as any).getReader();
      31 |   const decoder = new TextDecoder('utf-8');
      32 |   let buffer = '';
        at consumeSSE (/home/alaeddine/Documents/nexus-project_v0/e2e/aria.sse.spec.ts:29:22)
        at /home/alaeddine/Documents/nexus-project_v0/e2e/aria.sse.spec.ts:76:32


[1A[2K  14) [chromium] › e2e/aria.sse.spec.ts:67:7 › ARIA SSE (real) › happy path: tokens then done ──────

    Error: HTTP 429

      27 |   const tokens: string[] = [];
      28 |   const res = await fetch(url, { ...init, signal: ctrl.signal });
    > 29 |   if (!res.ok) throw new Error(`HTTP ${res.status}`);
         |                      ^
      30 |   const reader = (res.body as any).getReader();
      31 |   const decoder = new TextDecoder('utf-8');
      32 |   let buffer = '';
        at consumeSSE (/home/alaeddine/Documents/nexus-project_v0/e2e/aria.sse.spec.ts:29:22)
        at /home/alaeddine/Documents/nexus-project_v0/e2e/aria.sse.spec.ts:76:32


[1A[2K[45/100] [chromium] › e2e/aria.sse.spec.ts:67:7 › ARIA SSE (real) › happy path: tokens then done
[1A[2K[46/100] [chromium] › e2e/aria.sse.spec.ts:67:7 › ARIA SSE (real) › happy path: tokens then done
[1A[2K  15) [chromium] › e2e/aria.sse.spec.ts:67:7 › ARIA SSE (real) › happy path: tokens then done ──────

    Error: HTTP 429

      27 |   const tokens: string[] = [];
      28 |   const res = await fetch(url, { ...init, signal: ctrl.signal });
    > 29 |   if (!res.ok) throw new Error(`HTTP ${res.status}`);
         |                      ^
      30 |   const reader = (res.body as any).getReader();
      31 |   const decoder = new TextDecoder('utf-8');
      32 |   let buffer = '';
        at consumeSSE (/home/alaeddine/Documents/nexus-project_v0/e2e/aria.sse.spec.ts:29:22)
        at /home/alaeddine/Documents/nexus-project_v0/e2e/aria.sse.spec.ts:76:32


[1A[2K[47/100] [chromium] › e2e/aria.sse.spec.ts:67:7 › ARIA SSE (real) › happy path: tokens then done
[1A[2K[48/100] [chromium] › e2e/aria.sse.spec.ts:67:7 › ARIA SSE (real) › happy path: tokens then done
[1A[2K  16) [chromium] › e2e/aria.sse.spec.ts:67:7 › ARIA SSE (real) › happy path: tokens then done ──────

    Error: HTTP 429

      27 |   const tokens: string[] = [];
      28 |   const res = await fetch(url, { ...init, signal: ctrl.signal });
    > 29 |   if (!res.ok) throw new Error(`HTTP ${res.status}`);
         |                      ^
      30 |   const reader = (res.body as any).getReader();
      31 |   const decoder = new TextDecoder('utf-8');
      32 |   let buffer = '';
        at consumeSSE (/home/alaeddine/Documents/nexus-project_v0/e2e/aria.sse.spec.ts:29:22)
        at /home/alaeddine/Documents/nexus-project_v0/e2e/aria.sse.spec.ts:76:32


[1A[2K  17) [chromium] › e2e/aria.sse.spec.ts:67:7 › ARIA SSE (real) › happy path: tokens then done ──────

    Error: HTTP 429

      27 |   const tokens: string[] = [];
      28 |   const res = await fetch(url, { ...init, signal: ctrl.signal });
    > 29 |   if (!res.ok) throw new Error(`HTTP ${res.status}`);
         |                      ^
      30 |   const reader = (res.body as any).getReader();
      31 |   const decoder = new TextDecoder('utf-8');
      32 |   let buffer = '';
        at consumeSSE (/home/alaeddine/Documents/nexus-project_v0/e2e/aria.sse.spec.ts:29:22)
        at /home/alaeddine/Documents/nexus-project_v0/e2e/aria.sse.spec.ts:76:32


[1A[2K  18) [chromium] › e2e/aria.sse.spec.ts:67:7 › ARIA SSE (real) › happy path: tokens then done ──────

    Error: HTTP 429

      27 |   const tokens: string[] = [];
      28 |   const res = await fetch(url, { ...init, signal: ctrl.signal });
    > 29 |   if (!res.ok) throw new Error(`HTTP ${res.status}`);
         |                      ^
      30 |   const reader = (res.body as any).getReader();
      31 |   const decoder = new TextDecoder('utf-8');
      32 |   let buffer = '';
        at consumeSSE (/home/alaeddine/Documents/nexus-project_v0/e2e/aria.sse.spec.ts:29:22)
        at /home/alaeddine/Documents/nexus-project_v0/e2e/aria.sse.spec.ts:76:32


[1A[2K[49/100] [chromium] › e2e/aria.sse.spec.ts:67:7 › ARIA SSE (real) › happy path: tokens then done
[1A[2K[50/100] [chromium] › e2e/aria.sse.spec.ts:67:7 › ARIA SSE (real) › happy path: tokens then done
[1A[2K[51/100] [chromium] › e2e/aria.sse.spec.ts:67:7 › ARIA SSE (real) › happy path: tokens then done
[1A[2K[52/100] [chromium] › e2e/aria.sse.spec.ts:67:7 › ARIA SSE (real) › happy path: tokens then done
[1A[2K  19) [chromium] › e2e/aria.sse.spec.ts:67:7 › ARIA SSE (real) › happy path: tokens then done ──────

    Error: HTTP 429

      27 |   const tokens: string[] = [];
      28 |   const res = await fetch(url, { ...init, signal: ctrl.signal });
    > 29 |   if (!res.ok) throw new Error(`HTTP ${res.status}`);
         |                      ^
      30 |   const reader = (res.body as any).getReader();
      31 |   const decoder = new TextDecoder('utf-8');
      32 |   let buffer = '';
        at consumeSSE (/home/alaeddine/Documents/nexus-project_v0/e2e/aria.sse.spec.ts:29:22)
        at /home/alaeddine/Documents/nexus-project_v0/e2e/aria.sse.spec.ts:76:32


[1A[2K  20) [chromium] › e2e/aria.sse.spec.ts:67:7 › ARIA SSE (real) › happy path: tokens then done ──────

    Error: HTTP 429

      27 |   const tokens: string[] = [];
      28 |   const res = await fetch(url, { ...init, signal: ctrl.signal });
    > 29 |   if (!res.ok) throw new Error(`HTTP ${res.status}`);
         |                      ^
      30 |   const reader = (res.body as any).getReader();
      31 |   const decoder = new TextDecoder('utf-8');
      32 |   let buffer = '';
        at consumeSSE (/home/alaeddine/Documents/nexus-project_v0/e2e/aria.sse.spec.ts:29:22)
        at /home/alaeddine/Documents/nexus-project_v0/e2e/aria.sse.spec.ts:76:32


[1A[2K  21) [chromium] › e2e/aria.sse.spec.ts:67:7 › ARIA SSE (real) › happy path: tokens then done ──────

    Error: HTTP 429

      27 |   const tokens: string[] = [];
      28 |   const res = await fetch(url, { ...init, signal: ctrl.signal });
    > 29 |   if (!res.ok) throw new Error(`HTTP ${res.status}`);
         |                      ^
      30 |   const reader = (res.body as any).getReader();
      31 |   const decoder = new TextDecoder('utf-8');
      32 |   let buffer = '';
        at consumeSSE (/home/alaeddine/Documents/nexus-project_v0/e2e/aria.sse.spec.ts:29:22)
        at /home/alaeddine/Documents/nexus-project_v0/e2e/aria.sse.spec.ts:76:32


[1A[2K  22) [chromium] › e2e/aria.sse.spec.ts:67:7 › ARIA SSE (real) › happy path: tokens then done ──────

    Error: HTTP 429

      27 |   const tokens: string[] = [];
      28 |   const res = await fetch(url, { ...init, signal: ctrl.signal });
    > 29 |   if (!res.ok) throw new Error(`HTTP ${res.status}`);
         |                      ^
      30 |   const reader = (res.body as any).getReader();
      31 |   const decoder = new TextDecoder('utf-8');
      32 |   let buffer = '';
        at consumeSSE (/home/alaeddine/Documents/nexus-project_v0/e2e/aria.sse.spec.ts:29:22)
        at /home/alaeddine/Documents/nexus-project_v0/e2e/aria.sse.spec.ts:76:32


[1A[2K[53/100] [chromium] › e2e/aria.sse.spec.ts:67:7 › ARIA SSE (real) › happy path: tokens then done
[1A[2K[54/100] [chromium] › e2e/aria.sse.spec.ts:67:7 › ARIA SSE (real) › happy path: tokens then done
[1A[2K[55/100] [chromium] › e2e/aria.sse.spec.ts:67:7 › ARIA SSE (real) › happy path: tokens then done
[1A[2K[56/100] [chromium] › e2e/aria.sse.spec.ts:67:7 › ARIA SSE (real) › happy path: tokens then done
[1A[2K  23) [chromium] › e2e/aria.sse.spec.ts:67:7 › ARIA SSE (real) › happy path: tokens then done ──────

    Error: HTTP 429

      27 |   const tokens: string[] = [];
      28 |   const res = await fetch(url, { ...init, signal: ctrl.signal });
    > 29 |   if (!res.ok) throw new Error(`HTTP ${res.status}`);
         |                      ^
      30 |   const reader = (res.body as any).getReader();
      31 |   const decoder = new TextDecoder('utf-8');
      32 |   let buffer = '';
        at consumeSSE (/home/alaeddine/Documents/nexus-project_v0/e2e/aria.sse.spec.ts:29:22)
        at /home/alaeddine/Documents/nexus-project_v0/e2e/aria.sse.spec.ts:76:32


[1A[2K  24) [chromium] › e2e/aria.sse.spec.ts:67:7 › ARIA SSE (real) › happy path: tokens then done ──────

    Error: HTTP 429

      27 |   const tokens: string[] = [];
      28 |   const res = await fetch(url, { ...init, signal: ctrl.signal });
    > 29 |   if (!res.ok) throw new Error(`HTTP ${res.status}`);
         |                      ^
      30 |   const reader = (res.body as any).getReader();
      31 |   const decoder = new TextDecoder('utf-8');
      32 |   let buffer = '';
        at consumeSSE (/home/alaeddine/Documents/nexus-project_v0/e2e/aria.sse.spec.ts:29:22)
        at /home/alaeddine/Documents/nexus-project_v0/e2e/aria.sse.spec.ts:76:32


[1A[2K  25) [chromium] › e2e/aria.sse.spec.ts:67:7 › ARIA SSE (real) › happy path: tokens then done ──────

    Error: HTTP 429

      27 |   const tokens: string[] = [];
      28 |   const res = await fetch(url, { ...init, signal: ctrl.signal });
    > 29 |   if (!res.ok) throw new Error(`HTTP ${res.status}`);
         |                      ^
      30 |   const reader = (res.body as any).getReader();
      31 |   const decoder = new TextDecoder('utf-8');
      32 |   let buffer = '';
        at consumeSSE (/home/alaeddine/Documents/nexus-project_v0/e2e/aria.sse.spec.ts:29:22)
        at /home/alaeddine/Documents/nexus-project_v0/e2e/aria.sse.spec.ts:76:32


[1A[2K  26) [chromium] › e2e/aria.sse.spec.ts:67:7 › ARIA SSE (real) › happy path: tokens then done ──────

    Error: HTTP 429

      27 |   const tokens: string[] = [];
      28 |   const res = await fetch(url, { ...init, signal: ctrl.signal });
    > 29 |   if (!res.ok) throw new Error(`HTTP ${res.status}`);
         |                      ^
      30 |   const reader = (res.body as any).getReader();
      31 |   const decoder = new TextDecoder('utf-8');
      32 |   let buffer = '';
        at consumeSSE (/home/alaeddine/Documents/nexus-project_v0/e2e/aria.sse.spec.ts:29:22)
        at /home/alaeddine/Documents/nexus-project_v0/e2e/aria.sse.spec.ts:76:32


[1A[2K[57/100] [chromium] › e2e/aria.sse.spec.ts:67:7 › ARIA SSE (real) › happy path: tokens then done
[1A[2K[58/100] [chromium] › e2e/aria.sse.spec.ts:67:7 › ARIA SSE (real) › happy path: tokens then done
[1A[2K[59/100] [chromium] › e2e/aria.sse.spec.ts:67:7 › ARIA SSE (real) › happy path: tokens then done
[1A[2K[60/100] [chromium] › e2e/aria.sse.spec.ts:67:7 › ARIA SSE (real) › happy path: tokens then done
[1A[2K  27) [chromium] › e2e/aria.sse.spec.ts:67:7 › ARIA SSE (real) › happy path: tokens then done ──────

    Error: HTTP 429

      27 |   const tokens: string[] = [];
      28 |   const res = await fetch(url, { ...init, signal: ctrl.signal });
    > 29 |   if (!res.ok) throw new Error(`HTTP ${res.status}`);
         |                      ^
      30 |   const reader = (res.body as any).getReader();
      31 |   const decoder = new TextDecoder('utf-8');
      32 |   let buffer = '';
        at consumeSSE (/home/alaeddine/Documents/nexus-project_v0/e2e/aria.sse.spec.ts:29:22)
        at /home/alaeddine/Documents/nexus-project_v0/e2e/aria.sse.spec.ts:76:32


[1A[2K  28) [chromium] › e2e/aria.sse.spec.ts:67:7 › ARIA SSE (real) › happy path: tokens then done ──────

    Error: HTTP 429

      27 |   const tokens: string[] = [];
      28 |   const res = await fetch(url, { ...init, signal: ctrl.signal });
    > 29 |   if (!res.ok) throw new Error(`HTTP ${res.status}`);
         |                      ^
      30 |   const reader = (res.body as any).getReader();
      31 |   const decoder = new TextDecoder('utf-8');
      32 |   let buffer = '';
        at consumeSSE (/home/alaeddine/Documents/nexus-project_v0/e2e/aria.sse.spec.ts:29:22)
        at /home/alaeddine/Documents/nexus-project_v0/e2e/aria.sse.spec.ts:76:32


[1A[2K  29) [chromium] › e2e/aria.sse.spec.ts:67:7 › ARIA SSE (real) › happy path: tokens then done ──────

    Error: HTTP 429

      27 |   const tokens: string[] = [];
      28 |   const res = await fetch(url, { ...init, signal: ctrl.signal });
    > 29 |   if (!res.ok) throw new Error(`HTTP ${res.status}`);
         |                      ^
      30 |   const reader = (res.body as any).getReader();
      31 |   const decoder = new TextDecoder('utf-8');
      32 |   let buffer = '';
        at consumeSSE (/home/alaeddine/Documents/nexus-project_v0/e2e/aria.sse.spec.ts:29:22)
        at /home/alaeddine/Documents/nexus-project_v0/e2e/aria.sse.spec.ts:76:32


[1A[2K  30) [chromium] › e2e/aria.sse.spec.ts:67:7 › ARIA SSE (real) › happy path: tokens then done ──────

    Error: HTTP 429

      27 |   const tokens: string[] = [];
      28 |   const res = await fetch(url, { ...init, signal: ctrl.signal });
    > 29 |   if (!res.ok) throw new Error(`HTTP ${res.status}`);
         |                      ^
      30 |   const reader = (res.body as any).getReader();
      31 |   const decoder = new TextDecoder('utf-8');
      32 |   let buffer = '';
        at consumeSSE (/home/alaeddine/Documents/nexus-project_v0/e2e/aria.sse.spec.ts:29:22)
        at /home/alaeddine/Documents/nexus-project_v0/e2e/aria.sse.spec.ts:76:32


[1A[2K[61/100] [chromium] › e2e/aria.sse.spec.ts:67:7 › ARIA SSE (real) › happy path: tokens then done
[1A[2K[62/100] [chromium] › e2e/aria.sse.spec.ts:67:7 › ARIA SSE (real) › happy path: tokens then done
[1A[2K[63/100] [chromium] › e2e/aria.sse.spec.ts:67:7 › ARIA SSE (real) › happy path: tokens then done
[1A[2K[64/100] [chromium] › e2e/aria.sse.spec.ts:67:7 › ARIA SSE (real) › happy path: tokens then done
[1A[2K  31) [chromium] › e2e/aria.sse.spec.ts:67:7 › ARIA SSE (real) › happy path: tokens then done ──────

    Error: HTTP 429

      27 |   const tokens: string[] = [];
      28 |   const res = await fetch(url, { ...init, signal: ctrl.signal });
    > 29 |   if (!res.ok) throw new Error(`HTTP ${res.status}`);
         |                      ^
      30 |   const reader = (res.body as any).getReader();
      31 |   const decoder = new TextDecoder('utf-8');
      32 |   let buffer = '';
        at consumeSSE (/home/alaeddine/Documents/nexus-project_v0/e2e/aria.sse.spec.ts:29:22)
        at /home/alaeddine/Documents/nexus-project_v0/e2e/aria.sse.spec.ts:76:32


[1A[2K  32) [chromium] › e2e/aria.sse.spec.ts:67:7 › ARIA SSE (real) › happy path: tokens then done ──────

    Error: HTTP 429

      27 |   const tokens: string[] = [];
      28 |   const res = await fetch(url, { ...init, signal: ctrl.signal });
    > 29 |   if (!res.ok) throw new Error(`HTTP ${res.status}`);
         |                      ^
      30 |   const reader = (res.body as any).getReader();
      31 |   const decoder = new TextDecoder('utf-8');
      32 |   let buffer = '';
        at consumeSSE (/home/alaeddine/Documents/nexus-project_v0/e2e/aria.sse.spec.ts:29:22)
        at /home/alaeddine/Documents/nexus-project_v0/e2e/aria.sse.spec.ts:76:32


[1A[2K  33) [chromium] › e2e/aria.sse.spec.ts:67:7 › ARIA SSE (real) › happy path: tokens then done ──────

    Error: HTTP 429

      27 |   const tokens: string[] = [];
      28 |   const res = await fetch(url, { ...init, signal: ctrl.signal });
    > 29 |   if (!res.ok) throw new Error(`HTTP ${res.status}`);
         |                      ^
      30 |   const reader = (res.body as any).getReader();
      31 |   const decoder = new TextDecoder('utf-8');
      32 |   let buffer = '';
        at consumeSSE (/home/alaeddine/Documents/nexus-project_v0/e2e/aria.sse.spec.ts:29:22)
        at /home/alaeddine/Documents/nexus-project_v0/e2e/aria.sse.spec.ts:76:32


[1A[2K  34) [chromium] › e2e/aria.sse.spec.ts:67:7 › ARIA SSE (real) › happy path: tokens then done ──────

    Error: HTTP 429

      27 |   const tokens: string[] = [];
      28 |   const res = await fetch(url, { ...init, signal: ctrl.signal });
    > 29 |   if (!res.ok) throw new Error(`HTTP ${res.status}`);
         |                      ^
      30 |   const reader = (res.body as any).getReader();
      31 |   const decoder = new TextDecoder('utf-8');
      32 |   let buffer = '';
        at consumeSSE (/home/alaeddine/Documents/nexus-project_v0/e2e/aria.sse.spec.ts:29:22)
        at /home/alaeddine/Documents/nexus-project_v0/e2e/aria.sse.spec.ts:76:32


[1A[2K[65/100] [chromium] › e2e/aria.sse.spec.ts:67:7 › ARIA SSE (real) › happy path: tokens then done
[1A[2K[66/100] [chromium] › e2e/aria.sse.spec.ts:67:7 › ARIA SSE (real) › happy path: tokens then done
[1A[2K  35) [chromium] › e2e/aria.sse.spec.ts:67:7 › ARIA SSE (real) › happy path: tokens then done ──────

    Error: HTTP 429

      27 |   const tokens: string[] = [];
      28 |   const res = await fetch(url, { ...init, signal: ctrl.signal });
    > 29 |   if (!res.ok) throw new Error(`HTTP ${res.status}`);
         |                      ^
      30 |   const reader = (res.body as any).getReader();
      31 |   const decoder = new TextDecoder('utf-8');
      32 |   let buffer = '';
        at consumeSSE (/home/alaeddine/Documents/nexus-project_v0/e2e/aria.sse.spec.ts:29:22)
        at /home/alaeddine/Documents/nexus-project_v0/e2e/aria.sse.spec.ts:76:32


[1A[2K  36) [chromium] › e2e/aria.sse.spec.ts:67:7 › ARIA SSE (real) › happy path: tokens then done ──────

    Error: HTTP 429

      27 |   const tokens: string[] = [];
      28 |   const res = await fetch(url, { ...init, signal: ctrl.signal });
    > 29 |   if (!res.ok) throw new Error(`HTTP ${res.status}`);
         |                      ^
      30 |   const reader = (res.body as any).getReader();
      31 |   const decoder = new TextDecoder('utf-8');
      32 |   let buffer = '';
        at consumeSSE (/home/alaeddine/Documents/nexus-project_v0/e2e/aria.sse.spec.ts:29:22)
        at /home/alaeddine/Documents/nexus-project_v0/e2e/aria.sse.spec.ts:76:32


[1A[2K[67/100] [chromium] › e2e/aria.sse.spec.ts:67:7 › ARIA SSE (real) › happy path: tokens then done
[1A[2K[68/100] [chromium] › e2e/aria.sse.spec.ts:67:7 › ARIA SSE (real) › happy path: tokens then done
[1A[2K  37) [chromium] › e2e/aria.sse.spec.ts:67:7 › ARIA SSE (real) › happy path: tokens then done ──────

    Error: HTTP 429

      27 |   const tokens: string[] = [];
      28 |   const res = await fetch(url, { ...init, signal: ctrl.signal });
    > 29 |   if (!res.ok) throw new Error(`HTTP ${res.status}`);
         |                      ^
      30 |   const reader = (res.body as any).getReader();
      31 |   const decoder = new TextDecoder('utf-8');
      32 |   let buffer = '';
        at consumeSSE (/home/alaeddine/Documents/nexus-project_v0/e2e/aria.sse.spec.ts:29:22)
        at /home/alaeddine/Documents/nexus-project_v0/e2e/aria.sse.spec.ts:76:32


[1A[2K  38) [chromium] › e2e/aria.sse.spec.ts:67:7 › ARIA SSE (real) › happy path: tokens then done ──────

    Error: HTTP 429

      27 |   const tokens: string[] = [];
      28 |   const res = await fetch(url, { ...init, signal: ctrl.signal });
    > 29 |   if (!res.ok) throw new Error(`HTTP ${res.status}`);
         |                      ^
      30 |   const reader = (res.body as any).getReader();
      31 |   const decoder = new TextDecoder('utf-8');
      32 |   let buffer = '';
        at consumeSSE (/home/alaeddine/Documents/nexus-project_v0/e2e/aria.sse.spec.ts:29:22)
        at /home/alaeddine/Documents/nexus-project_v0/e2e/aria.sse.spec.ts:76:32


[1A[2K[69/100] [chromium] › e2e/aria.sse.spec.ts:67:7 › ARIA SSE (real) › happy path: tokens then done
[1A[2K[70/100] [chromium] › e2e/aria.sse.spec.ts:67:7 › ARIA SSE (real) › happy path: tokens then done
[1A[2K  39) [chromium] › e2e/aria.sse.spec.ts:67:7 › ARIA SSE (real) › happy path: tokens then done ──────

    Error: HTTP 429

      27 |   const tokens: string[] = [];
      28 |   const res = await fetch(url, { ...init, signal: ctrl.signal });
    > 29 |   if (!res.ok) throw new Error(`HTTP ${res.status}`);
         |                      ^
      30 |   const reader = (res.body as any).getReader();
      31 |   const decoder = new TextDecoder('utf-8');
      32 |   let buffer = '';
        at consumeSSE (/home/alaeddine/Documents/nexus-project_v0/e2e/aria.sse.spec.ts:29:22)
        at /home/alaeddine/Documents/nexus-project_v0/e2e/aria.sse.spec.ts:76:32


[1A[2K  40) [chromium] › e2e/aria.sse.spec.ts:67:7 › ARIA SSE (real) › happy path: tokens then done ──────

    Error: HTTP 429

      27 |   const tokens: string[] = [];
      28 |   const res = await fetch(url, { ...init, signal: ctrl.signal });
    > 29 |   if (!res.ok) throw new Error(`HTTP ${res.status}`);
         |                      ^
      30 |   const reader = (res.body as any).getReader();
      31 |   const decoder = new TextDecoder('utf-8');
      32 |   let buffer = '';
        at consumeSSE (/home/alaeddine/Documents/nexus-project_v0/e2e/aria.sse.spec.ts:29:22)
        at /home/alaeddine/Documents/nexus-project_v0/e2e/aria.sse.spec.ts:76:32


[1A[2K[71/100] [chromium] › e2e/aria.sse.spec.ts:67:7 › ARIA SSE (real) › happy path: tokens then done
[1A[2K[72/100] [chromium] › e2e/aria.sse.spec.ts:67:7 › ARIA SSE (real) › happy path: tokens then done
[1A[2K  41) [chromium] › e2e/aria.sse.spec.ts:67:7 › ARIA SSE (real) › happy path: tokens then done ──────

    Error: HTTP 429

      27 |   const tokens: string[] = [];
      28 |   const res = await fetch(url, { ...init, signal: ctrl.signal });
    > 29 |   if (!res.ok) throw new Error(`HTTP ${res.status}`);
         |                      ^
      30 |   const reader = (res.body as any).getReader();
      31 |   const decoder = new TextDecoder('utf-8');
      32 |   let buffer = '';
        at consumeSSE (/home/alaeddine/Documents/nexus-project_v0/e2e/aria.sse.spec.ts:29:22)
        at /home/alaeddine/Documents/nexus-project_v0/e2e/aria.sse.spec.ts:76:32


[1A[2K  42) [chromium] › e2e/aria.sse.spec.ts:67:7 › ARIA SSE (real) › happy path: tokens then done ──────

    Error: HTTP 429

      27 |   const tokens: string[] = [];
      28 |   const res = await fetch(url, { ...init, signal: ctrl.signal });
    > 29 |   if (!res.ok) throw new Error(`HTTP ${res.status}`);
         |                      ^
      30 |   const reader = (res.body as any).getReader();
      31 |   const decoder = new TextDecoder('utf-8');
      32 |   let buffer = '';
        at consumeSSE (/home/alaeddine/Documents/nexus-project_v0/e2e/aria.sse.spec.ts:29:22)
        at /home/alaeddine/Documents/nexus-project_v0/e2e/aria.sse.spec.ts:76:32


[1A[2K[73/100] [chromium] › e2e/aria.sse.spec.ts:67:7 › ARIA SSE (real) › happy path: tokens then done
[1A[2K[74/100] [chromium] › e2e/aria.sse.spec.ts:67:7 › ARIA SSE (real) › happy path: tokens then done
[1A[2K  43) [chromium] › e2e/aria.sse.spec.ts:67:7 › ARIA SSE (real) › happy path: tokens then done ──────

    Error: HTTP 429

      27 |   const tokens: string[] = [];
      28 |   const res = await fetch(url, { ...init, signal: ctrl.signal });
    > 29 |   if (!res.ok) throw new Error(`HTTP ${res.status}`);
         |                      ^
      30 |   const reader = (res.body as any).getReader();
      31 |   const decoder = new TextDecoder('utf-8');
      32 |   let buffer = '';
        at consumeSSE (/home/alaeddine/Documents/nexus-project_v0/e2e/aria.sse.spec.ts:29:22)
        at /home/alaeddine/Documents/nexus-project_v0/e2e/aria.sse.spec.ts:76:32


[1A[2K  44) [chromium] › e2e/aria.sse.spec.ts:67:7 › ARIA SSE (real) › happy path: tokens then done ──────

    Error: HTTP 429

      27 |   const tokens: string[] = [];
      28 |   const res = await fetch(url, { ...init, signal: ctrl.signal });
    > 29 |   if (!res.ok) throw new Error(`HTTP ${res.status}`);
         |                      ^
      30 |   const reader = (res.body as any).getReader();
      31 |   const decoder = new TextDecoder('utf-8');
      32 |   let buffer = '';
        at consumeSSE (/home/alaeddine/Documents/nexus-project_v0/e2e/aria.sse.spec.ts:29:22)
        at /home/alaeddine/Documents/nexus-project_v0/e2e/aria.sse.spec.ts:76:32


[1A[2K[75/100] [chromium] › e2e/aria.sse.spec.ts:67:7 › ARIA SSE (real) › happy path: tokens then done
[1A[2K[76/100] [chromium] › e2e/aria.sse.spec.ts:67:7 › ARIA SSE (real) › happy path: tokens then done
[1A[2K  45) [chromium] › e2e/aria.sse.spec.ts:67:7 › ARIA SSE (real) › happy path: tokens then done ──────

    Error: HTTP 429

      27 |   const tokens: string[] = [];
      28 |   const res = await fetch(url, { ...init, signal: ctrl.signal });
    > 29 |   if (!res.ok) throw new Error(`HTTP ${res.status}`);
         |                      ^
      30 |   const reader = (res.body as any).getReader();
      31 |   const decoder = new TextDecoder('utf-8');
      32 |   let buffer = '';
        at consumeSSE (/home/alaeddine/Documents/nexus-project_v0/e2e/aria.sse.spec.ts:29:22)
        at /home/alaeddine/Documents/nexus-project_v0/e2e/aria.sse.spec.ts:76:32


[1A[2K  46) [chromium] › e2e/aria.sse.spec.ts:67:7 › ARIA SSE (real) › happy path: tokens then done ──────

    Error: HTTP 429

      27 |   const tokens: string[] = [];
      28 |   const res = await fetch(url, { ...init, signal: ctrl.signal });
    > 29 |   if (!res.ok) throw new Error(`HTTP ${res.status}`);
         |                      ^
      30 |   const reader = (res.body as any).getReader();
      31 |   const decoder = new TextDecoder('utf-8');
      32 |   let buffer = '';
        at consumeSSE (/home/alaeddine/Documents/nexus-project_v0/e2e/aria.sse.spec.ts:29:22)
        at /home/alaeddine/Documents/nexus-project_v0/e2e/aria.sse.spec.ts:76:32


[1A[2K[77/100] [chromium] › e2e/aria.sse.spec.ts:67:7 › ARIA SSE (real) › happy path: tokens then done
[1A[2K[78/100] [chromium] › e2e/aria.sse.spec.ts:67:7 › ARIA SSE (real) › happy path: tokens then done
[1A[2K  47) [chromium] › e2e/aria.sse.spec.ts:67:7 › ARIA SSE (real) › happy path: tokens then done ──────

    Error: HTTP 429

      27 |   const tokens: string[] = [];
      28 |   const res = await fetch(url, { ...init, signal: ctrl.signal });
    > 29 |   if (!res.ok) throw new Error(`HTTP ${res.status}`);
         |                      ^
      30 |   const reader = (res.body as any).getReader();
      31 |   const decoder = new TextDecoder('utf-8');
      32 |   let buffer = '';
        at consumeSSE (/home/alaeddine/Documents/nexus-project_v0/e2e/aria.sse.spec.ts:29:22)
        at /home/alaeddine/Documents/nexus-project_v0/e2e/aria.sse.spec.ts:76:32


[1A[2K  48) [chromium] › e2e/aria.sse.spec.ts:67:7 › ARIA SSE (real) › happy path: tokens then done ──────

    Error: HTTP 429

      27 |   const tokens: string[] = [];
      28 |   const res = await fetch(url, { ...init, signal: ctrl.signal });
    > 29 |   if (!res.ok) throw new Error(`HTTP ${res.status}`);
         |                      ^
      30 |   const reader = (res.body as any).getReader();
      31 |   const decoder = new TextDecoder('utf-8');
      32 |   let buffer = '';
        at consumeSSE (/home/alaeddine/Documents/nexus-project_v0/e2e/aria.sse.spec.ts:29:22)
        at /home/alaeddine/Documents/nexus-project_v0/e2e/aria.sse.spec.ts:76:32


[1A[2K[79/100] [chromium] › e2e/aria.sse.spec.ts:67:7 › ARIA SSE (real) › happy path: tokens then done
[1A[2K[80/100] [chromium] › e2e/aria.sse.spec.ts:67:7 › ARIA SSE (real) › happy path: tokens then done
[1A[2K  49) [chromium] › e2e/aria.sse.spec.ts:67:7 › ARIA SSE (real) › happy path: tokens then done ──────

    Error: HTTP 429

      27 |   const tokens: string[] = [];
      28 |   const res = await fetch(url, { ...init, signal: ctrl.signal });
    > 29 |   if (!res.ok) throw new Error(`HTTP ${res.status}`);
         |                      ^
      30 |   const reader = (res.body as any).getReader();
      31 |   const decoder = new TextDecoder('utf-8');
      32 |   let buffer = '';
        at consumeSSE (/home/alaeddine/Documents/nexus-project_v0/e2e/aria.sse.spec.ts:29:22)
        at /home/alaeddine/Documents/nexus-project_v0/e2e/aria.sse.spec.ts:76:32


[1A[2K  50) [chromium] › e2e/aria.sse.spec.ts:67:7 › ARIA SSE (real) › happy path: tokens then done ──────

    Error: HTTP 429

      27 |   const tokens: string[] = [];
      28 |   const res = await fetch(url, { ...init, signal: ctrl.signal });
    > 29 |   if (!res.ok) throw new Error(`HTTP ${res.status}`);
         |                      ^
      30 |   const reader = (res.body as any).getReader();
      31 |   const decoder = new TextDecoder('utf-8');
      32 |   let buffer = '';
        at consumeSSE (/home/alaeddine/Documents/nexus-project_v0/e2e/aria.sse.spec.ts:29:22)
        at /home/alaeddine/Documents/nexus-project_v0/e2e/aria.sse.spec.ts:76:32


[1A[2K[81/100] [chromium] › e2e/aria.sse.spec.ts:67:7 › ARIA SSE (real) › happy path: tokens then done
[1A[2K[82/100] [chromium] › e2e/aria.sse.spec.ts:67:7 › ARIA SSE (real) › happy path: tokens then done
[1A[2K  51) [chromium] › e2e/aria.sse.spec.ts:67:7 › ARIA SSE (real) › happy path: tokens then done ──────

    Error: HTTP 429

      27 |   const tokens: string[] = [];
      28 |   const res = await fetch(url, { ...init, signal: ctrl.signal });
    > 29 |   if (!res.ok) throw new Error(`HTTP ${res.status}`);
         |                      ^
      30 |   const reader = (res.body as any).getReader();
      31 |   const decoder = new TextDecoder('utf-8');
      32 |   let buffer = '';
        at consumeSSE (/home/alaeddine/Documents/nexus-project_v0/e2e/aria.sse.spec.ts:29:22)
        at /home/alaeddine/Documents/nexus-project_v0/e2e/aria.sse.spec.ts:76:32


[1A[2K[83/100] [chromium] › e2e/aria.sse.spec.ts:67:7 › ARIA SSE (real) › happy path: tokens then done
[1A[2K  52) [chromium] › e2e/aria.sse.spec.ts:67:7 › ARIA SSE (real) › happy path: tokens then done ──────

    Error: HTTP 429

      27 |   const tokens: string[] = [];
      28 |   const res = await fetch(url, { ...init, signal: ctrl.signal });
    > 29 |   if (!res.ok) throw new Error(`HTTP ${res.status}`);
         |                      ^
      30 |   const reader = (res.body as any).getReader();
      31 |   const decoder = new TextDecoder('utf-8');
      32 |   let buffer = '';
        at consumeSSE (/home/alaeddine/Documents/nexus-project_v0/e2e/aria.sse.spec.ts:29:22)
        at /home/alaeddine/Documents/nexus-project_v0/e2e/aria.sse.spec.ts:76:32


[1A[2K[84/100] [chromium] › e2e/aria.sse.spec.ts:67:7 › ARIA SSE (real) › happy path: tokens then done
[1A[2K  53) [chromium] › e2e/aria.sse.spec.ts:67:7 › ARIA SSE (real) › happy path: tokens then done ──────

    Error: HTTP 429

      27 |   const tokens: string[] = [];
      28 |   const res = await fetch(url, { ...init, signal: ctrl.signal });
    > 29 |   if (!res.ok) throw new Error(`HTTP ${res.status}`);
         |                      ^
      30 |   const reader = (res.body as any).getReader();
      31 |   const decoder = new TextDecoder('utf-8');
      32 |   let buffer = '';
        at consumeSSE (/home/alaeddine/Documents/nexus-project_v0/e2e/aria.sse.spec.ts:29:22)
        at /home/alaeddine/Documents/nexus-project_v0/e2e/aria.sse.spec.ts:76:32


[1A[2K  54) [chromium] › e2e/aria.sse.spec.ts:67:7 › ARIA SSE (real) › happy path: tokens then done ──────

    Error: HTTP 429

      27 |   const tokens: string[] = [];
      28 |   const res = await fetch(url, { ...init, signal: ctrl.signal });
    > 29 |   if (!res.ok) throw new Error(`HTTP ${res.status}`);
         |                      ^
      30 |   const reader = (res.body as any).getReader();
      31 |   const decoder = new TextDecoder('utf-8');
      32 |   let buffer = '';
        at consumeSSE (/home/alaeddine/Documents/nexus-project_v0/e2e/aria.sse.spec.ts:29:22)
        at /home/alaeddine/Documents/nexus-project_v0/e2e/aria.sse.spec.ts:76:32


[1A[2K[85/100] [chromium] › e2e/aria.sse.spec.ts:67:7 › ARIA SSE (real) › happy path: tokens then done
[1A[2K[86/100] [chromium] › e2e/aria.sse.spec.ts:67:7 › ARIA SSE (real) › happy path: tokens then done
[1A[2K  55) [chromium] › e2e/aria.sse.spec.ts:67:7 › ARIA SSE (real) › happy path: tokens then done ──────

    Error: HTTP 429

      27 |   const tokens: string[] = [];
      28 |   const res = await fetch(url, { ...init, signal: ctrl.signal });
    > 29 |   if (!res.ok) throw new Error(`HTTP ${res.status}`);
         |                      ^
      30 |   const reader = (res.body as any).getReader();
      31 |   const decoder = new TextDecoder('utf-8');
      32 |   let buffer = '';
        at consumeSSE (/home/alaeddine/Documents/nexus-project_v0/e2e/aria.sse.spec.ts:29:22)
        at /home/alaeddine/Documents/nexus-project_v0/e2e/aria.sse.spec.ts:76:32


[1A[2K[87/100] [chromium] › e2e/aria.sse.spec.ts:67:7 › ARIA SSE (real) › happy path: tokens then done
[1A[2K[88/100] [chromium] › e2e/aria.sse.spec.ts:67:7 › ARIA SSE (real) › happy path: tokens then done
[1A[2K  56) [chromium] › e2e/aria.sse.spec.ts:67:7 › ARIA SSE (real) › happy path: tokens then done ──────

    Error: HTTP 429

      27 |   const tokens: string[] = [];
      28 |   const res = await fetch(url, { ...init, signal: ctrl.signal });
    > 29 |   if (!res.ok) throw new Error(`HTTP ${res.status}`);
         |                      ^
      30 |   const reader = (res.body as any).getReader();
      31 |   const decoder = new TextDecoder('utf-8');
      32 |   let buffer = '';
        at consumeSSE (/home/alaeddine/Documents/nexus-project_v0/e2e/aria.sse.spec.ts:29:22)
        at /home/alaeddine/Documents/nexus-project_v0/e2e/aria.sse.spec.ts:76:32


[1A[2K  57) [chromium] › e2e/aria.sse.spec.ts:67:7 › ARIA SSE (real) › happy path: tokens then done ──────

    Error: HTTP 429

      27 |   const tokens: string[] = [];
      28 |   const res = await fetch(url, { ...init, signal: ctrl.signal });
    > 29 |   if (!res.ok) throw new Error(`HTTP ${res.status}`);
         |                      ^
      30 |   const reader = (res.body as any).getReader();
      31 |   const decoder = new TextDecoder('utf-8');
      32 |   let buffer = '';
        at consumeSSE (/home/alaeddine/Documents/nexus-project_v0/e2e/aria.sse.spec.ts:29:22)
        at /home/alaeddine/Documents/nexus-project_v0/e2e/aria.sse.spec.ts:76:32


[1A[2K  58) [chromium] › e2e/aria.sse.spec.ts:67:7 › ARIA SSE (real) › happy path: tokens then done ──────

    Error: HTTP 429

      27 |   const tokens: string[] = [];
      28 |   const res = await fetch(url, { ...init, signal: ctrl.signal });
    > 29 |   if (!res.ok) throw new Error(`HTTP ${res.status}`);
         |                      ^
      30 |   const reader = (res.body as any).getReader();
      31 |   const decoder = new TextDecoder('utf-8');
      32 |   let buffer = '';
        at consumeSSE (/home/alaeddine/Documents/nexus-project_v0/e2e/aria.sse.spec.ts:29:22)
        at /home/alaeddine/Documents/nexus-project_v0/e2e/aria.sse.spec.ts:76:32


[1A[2K[89/100] [chromium] › e2e/aria.sse.spec.ts:67:7 › ARIA SSE (real) › happy path: tokens then done
[1A[2K[90/100] [chromium] › e2e/aria.sse.spec.ts:67:7 › ARIA SSE (real) › happy path: tokens then done
[1A[2K  59) [chromium] › e2e/aria.sse.spec.ts:67:7 › ARIA SSE (real) › happy path: tokens then done ──────

    Error: HTTP 429

      27 |   const tokens: string[] = [];
      28 |   const res = await fetch(url, { ...init, signal: ctrl.signal });
    > 29 |   if (!res.ok) throw new Error(`HTTP ${res.status}`);
         |                      ^
      30 |   const reader = (res.body as any).getReader();
      31 |   const decoder = new TextDecoder('utf-8');
      32 |   let buffer = '';
        at consumeSSE (/home/alaeddine/Documents/nexus-project_v0/e2e/aria.sse.spec.ts:29:22)
        at /home/alaeddine/Documents/nexus-project_v0/e2e/aria.sse.spec.ts:76:32


[1A[2K[91/100] [chromium] › e2e/aria.sse.spec.ts:67:7 › ARIA SSE (real) › happy path: tokens then done
[1A[2K[92/100] [chromium] › e2e/aria.sse.spec.ts:67:7 › ARIA SSE (real) › happy path: tokens then done
[1A[2K  60) [chromium] › e2e/aria.sse.spec.ts:67:7 › ARIA SSE (real) › happy path: tokens then done ──────

    Error: HTTP 429

      27 |   const tokens: string[] = [];
      28 |   const res = await fetch(url, { ...init, signal: ctrl.signal });
    > 29 |   if (!res.ok) throw new Error(`HTTP ${res.status}`);
         |                      ^
      30 |   const reader = (res.body as any).getReader();
      31 |   const decoder = new TextDecoder('utf-8');
      32 |   let buffer = '';
        at consumeSSE (/home/alaeddine/Documents/nexus-project_v0/e2e/aria.sse.spec.ts:29:22)
        at /home/alaeddine/Documents/nexus-project_v0/e2e/aria.sse.spec.ts:76:32


[1A[2K  61) [chromium] › e2e/aria.sse.spec.ts:67:7 › ARIA SSE (real) › happy path: tokens then done ──────

    Error: HTTP 429

      27 |   const tokens: string[] = [];
      28 |   const res = await fetch(url, { ...init, signal: ctrl.signal });
    > 29 |   if (!res.ok) throw new Error(`HTTP ${res.status}`);
         |                      ^
      30 |   const reader = (res.body as any).getReader();
      31 |   const decoder = new TextDecoder('utf-8');
      32 |   let buffer = '';
        at consumeSSE (/home/alaeddine/Documents/nexus-project_v0/e2e/aria.sse.spec.ts:29:22)
        at /home/alaeddine/Documents/nexus-project_v0/e2e/aria.sse.spec.ts:76:32


[1A[2K  62) [chromium] › e2e/aria.sse.spec.ts:67:7 › ARIA SSE (real) › happy path: tokens then done ──────

    Error: HTTP 429

      27 |   const tokens: string[] = [];
      28 |   const res = await fetch(url, { ...init, signal: ctrl.signal });
    > 29 |   if (!res.ok) throw new Error(`HTTP ${res.status}`);
         |                      ^
      30 |   const reader = (res.body as any).getReader();
      31 |   const decoder = new TextDecoder('utf-8');
      32 |   let buffer = '';
        at consumeSSE (/home/alaeddine/Documents/nexus-project_v0/e2e/aria.sse.spec.ts:29:22)
        at /home/alaeddine/Documents/nexus-project_v0/e2e/aria.sse.spec.ts:76:32


[1A[2K[93/100] [chromium] › e2e/aria.sse.spec.ts:67:7 › ARIA SSE (real) › happy path: tokens then done
[1A[2K  63) [chromium] › e2e/aria.sse.spec.ts:67:7 › ARIA SSE (real) › happy path: tokens then done ──────

    Error: HTTP 429

      27 |   const tokens: string[] = [];
      28 |   const res = await fetch(url, { ...init, signal: ctrl.signal });
    > 29 |   if (!res.ok) throw new Error(`HTTP ${res.status}`);
         |                      ^
      30 |   const reader = (res.body as any).getReader();
      31 |   const decoder = new TextDecoder('utf-8');
      32 |   let buffer = '';
        at consumeSSE (/home/alaeddine/Documents/nexus-project_v0/e2e/aria.sse.spec.ts:29:22)
        at /home/alaeddine/Documents/nexus-project_v0/e2e/aria.sse.spec.ts:76:32


[1A[2K[94/100] [chromium] › e2e/aria.sse.spec.ts:67:7 › ARIA SSE (real) › happy path: tokens then done
[1A[2K[95/100] [chromium] › e2e/aria.sse.spec.ts:67:7 › ARIA SSE (real) › happy path: tokens then done
[1A[2K[96/100] [chromium] › e2e/aria.sse.spec.ts:67:7 › ARIA SSE (real) › happy path: tokens then done
[1A[2K  64) [chromium] › e2e/aria.sse.spec.ts:67:7 › ARIA SSE (real) › happy path: tokens then done ──────

    Error: HTTP 429

      27 |   const tokens: string[] = [];
      28 |   const res = await fetch(url, { ...init, signal: ctrl.signal });
    > 29 |   if (!res.ok) throw new Error(`HTTP ${res.status}`);
         |                      ^
      30 |   const reader = (res.body as any).getReader();
      31 |   const decoder = new TextDecoder('utf-8');
      32 |   let buffer = '';
        at consumeSSE (/home/alaeddine/Documents/nexus-project_v0/e2e/aria.sse.spec.ts:29:22)
        at /home/alaeddine/Documents/nexus-project_v0/e2e/aria.sse.spec.ts:76:32


[1A[2K  65) [chromium] › e2e/aria.sse.spec.ts:67:7 › ARIA SSE (real) › happy path: tokens then done ──────

    Error: HTTP 429

      27 |   const tokens: string[] = [];
      28 |   const res = await fetch(url, { ...init, signal: ctrl.signal });
    > 29 |   if (!res.ok) throw new Error(`HTTP ${res.status}`);
         |                      ^
      30 |   const reader = (res.body as any).getReader();
      31 |   const decoder = new TextDecoder('utf-8');
      32 |   let buffer = '';
        at consumeSSE (/home/alaeddine/Documents/nexus-project_v0/e2e/aria.sse.spec.ts:29:22)
        at /home/alaeddine/Documents/nexus-project_v0/e2e/aria.sse.spec.ts:76:32


[1A[2K  66) [chromium] › e2e/aria.sse.spec.ts:67:7 › ARIA SSE (real) › happy path: tokens then done ──────

    Error: HTTP 429

      27 |   const tokens: string[] = [];
      28 |   const res = await fetch(url, { ...init, signal: ctrl.signal });
    > 29 |   if (!res.ok) throw new Error(`HTTP ${res.status}`);
         |                      ^
      30 |   const reader = (res.body as any).getReader();
      31 |   const decoder = new TextDecoder('utf-8');
      32 |   let buffer = '';
        at consumeSSE (/home/alaeddine/Documents/nexus-project_v0/e2e/aria.sse.spec.ts:29:22)
        at /home/alaeddine/Documents/nexus-project_v0/e2e/aria.sse.spec.ts:76:32


[1A[2K[97/100] [chromium] › e2e/aria.sse.spec.ts:67:7 › ARIA SSE (real) › happy path: tokens then done
[1A[2K[98/100] [chromium] › e2e/aria.sse.spec.ts:67:7 › ARIA SSE (real) › happy path: tokens then done
[1A[2K[99/100] [chromium] › e2e/aria.sse.spec.ts:67:7 › ARIA SSE (real) › happy path: tokens then done
[1A[2K  67) [chromium] › e2e/aria.sse.spec.ts:67:7 › ARIA SSE (real) › happy path: tokens then done ──────

    Error: HTTP 429

      27 |   const tokens: string[] = [];
      28 |   const res = await fetch(url, { ...init, signal: ctrl.signal });
    > 29 |   if (!res.ok) throw new Error(`HTTP ${res.status}`);
         |                      ^
      30 |   const reader = (res.body as any).getReader();
      31 |   const decoder = new TextDecoder('utf-8');
      32 |   let buffer = '';
        at consumeSSE (/home/alaeddine/Documents/nexus-project_v0/e2e/aria.sse.spec.ts:29:22)
        at /home/alaeddine/Documents/nexus-project_v0/e2e/aria.sse.spec.ts:76:32


[1A[2K[100/100] [chromium] › e2e/aria.sse.spec.ts:67:7 › ARIA SSE (real) › happy path: tokens then done
[1A[2K  68) [chromium] › e2e/aria.sse.spec.ts:67:7 › ARIA SSE (real) › happy path: tokens then done ──────

    Error: HTTP 429

      27 |   const tokens: string[] = [];
      28 |   const res = await fetch(url, { ...init, signal: ctrl.signal });
    > 29 |   if (!res.ok) throw new Error(`HTTP ${res.status}`);
         |                      ^
      30 |   const reader = (res.body as any).getReader();
      31 |   const decoder = new TextDecoder('utf-8');
      32 |   let buffer = '';
        at consumeSSE (/home/alaeddine/Documents/nexus-project_v0/e2e/aria.sse.spec.ts:29:22)
        at /home/alaeddine/Documents/nexus-project_v0/e2e/aria.sse.spec.ts:76:32


[1A[2K  69) [chromium] › e2e/aria.sse.spec.ts:67:7 › ARIA SSE (real) › happy path: tokens then done ──────

    Error: HTTP 429

      27 |   const tokens: string[] = [];
      28 |   const res = await fetch(url, { ...init, signal: ctrl.signal });
    > 29 |   if (!res.ok) throw new Error(`HTTP ${res.status}`);
         |                      ^
      30 |   const reader = (res.body as any).getReader();
      31 |   const decoder = new TextDecoder('utf-8');
      32 |   let buffer = '';
        at consumeSSE (/home/alaeddine/Documents/nexus-project_v0/e2e/aria.sse.spec.ts:29:22)
        at /home/alaeddine/Documents/nexus-project_v0/e2e/aria.sse.spec.ts:76:32


[1A[2K  70) [chromium] › e2e/aria.sse.spec.ts:67:7 › ARIA SSE (real) › happy path: tokens then done ──────

    Error: HTTP 429

      27 |   const tokens: string[] = [];
      28 |   const res = await fetch(url, { ...init, signal: ctrl.signal });
    > 29 |   if (!res.ok) throw new Error(`HTTP ${res.status}`);
         |                      ^
      30 |   const reader = (res.body as any).getReader();
      31 |   const decoder = new TextDecoder('utf-8');
      32 |   let buffer = '';
        at consumeSSE (/home/alaeddine/Documents/nexus-project_v0/e2e/aria.sse.spec.ts:29:22)
        at /home/alaeddine/Documents/nexus-project_v0/e2e/aria.sse.spec.ts:76:32


[1A[2K  70 failed
    [chromium] › e2e/aria.sse.spec.ts:67:7 › ARIA SSE (real) › happy path: tokens then done ────────
    [chromium] › e2e/aria.sse.spec.ts:67:7 › ARIA SSE (real) › happy path: tokens then done ────────
    [chromium] › e2e/aria.sse.spec.ts:67:7 › ARIA SSE (real) › happy path: tokens then done ────────
    [chromium] › e2e/aria.sse.spec.ts:67:7 › ARIA SSE (real) › happy path: tokens then done ────────
    [chromium] › e2e/aria.sse.spec.ts:67:7 › ARIA SSE (real) › happy path: tokens then done ────────
    [chromium] › e2e/aria.sse.spec.ts:67:7 › ARIA SSE (real) › happy path: tokens then done ────────
    [chromium] › e2e/aria.sse.spec.ts:67:7 › ARIA SSE (real) › happy path: tokens then done ────────
    [chromium] › e2e/aria.sse.spec.ts:67:7 › ARIA SSE (real) › happy path: tokens then done ────────
    [chromium] › e2e/aria.sse.spec.ts:67:7 › ARIA SSE (real) › happy path: tokens then done ────────
    [chromium] › e2e/aria.sse.spec.ts:67:7 › ARIA SSE (real) › happy path: tokens then done ────────
    [chromium] › e2e/aria.sse.spec.ts:67:7 › ARIA SSE (real) › happy path: tokens then done ────────
    [chromium] › e2e/aria.sse.spec.ts:67:7 › ARIA SSE (real) › happy path: tokens then done ────────
    [chromium] › e2e/aria.sse.spec.ts:67:7 › ARIA SSE (real) › happy path: tokens then done ────────
    [chromium] › e2e/aria.sse.spec.ts:67:7 › ARIA SSE (real) › happy path: tokens then done ────────
    [chromium] › e2e/aria.sse.spec.ts:67:7 › ARIA SSE (real) › happy path: tokens then done ────────
    [chromium] › e2e/aria.sse.spec.ts:67:7 › ARIA SSE (real) › happy path: tokens then done ────────
    [chromium] › e2e/aria.sse.spec.ts:67:7 › ARIA SSE (real) › happy path: tokens then done ────────
    [chromium] › e2e/aria.sse.spec.ts:67:7 › ARIA SSE (real) › happy path: tokens then done ────────
    [chromium] › e2e/aria.sse.spec.ts:67:7 › ARIA SSE (real) › happy path: tokens then done ────────
    [chromium] › e2e/aria.sse.spec.ts:67:7 › ARIA SSE (real) › happy path: tokens then done ────────
    [chromium] › e2e/aria.sse.spec.ts:67:7 › ARIA SSE (real) › happy path: tokens then done ────────
    [chromium] › e2e/aria.sse.spec.ts:67:7 › ARIA SSE (real) › happy path: tokens then done ────────
    [chromium] › e2e/aria.sse.spec.ts:67:7 › ARIA SSE (real) › happy path: tokens then done ────────
    [chromium] › e2e/aria.sse.spec.ts:67:7 › ARIA SSE (real) › happy path: tokens then done ────────
    [chromium] › e2e/aria.sse.spec.ts:67:7 › ARIA SSE (real) › happy path: tokens then done ────────
    [chromium] › e2e/aria.sse.spec.ts:67:7 › ARIA SSE (real) › happy path: tokens then done ────────
    [chromium] › e2e/aria.sse.spec.ts:67:7 › ARIA SSE (real) › happy path: tokens then done ────────
    [chromium] › e2e/aria.sse.spec.ts:67:7 › ARIA SSE (real) › happy path: tokens then done ────────
    [chromium] › e2e/aria.sse.spec.ts:67:7 › ARIA SSE (real) › happy path: tokens then done ────────
    [chromium] › e2e/aria.sse.spec.ts:67:7 › ARIA SSE (real) › happy path: tokens then done ────────
    [chromium] › e2e/aria.sse.spec.ts:67:7 › ARIA SSE (real) › happy path: tokens then done ────────
    [chromium] › e2e/aria.sse.spec.ts:67:7 › ARIA SSE (real) › happy path: tokens then done ────────
    [chromium] › e2e/aria.sse.spec.ts:67:7 › ARIA SSE (real) › happy path: tokens then done ────────
    [chromium] › e2e/aria.sse.spec.ts:67:7 › ARIA SSE (real) › happy path: tokens then done ────────
    [chromium] › e2e/aria.sse.spec.ts:67:7 › ARIA SSE (real) › happy path: tokens then done ────────
    [chromium] › e2e/aria.sse.spec.ts:67:7 › ARIA SSE (real) › happy path: tokens then done ────────
    [chromium] › e2e/aria.sse.spec.ts:67:7 › ARIA SSE (real) › happy path: tokens then done ────────
    [chromium] › e2e/aria.sse.spec.ts:67:7 › ARIA SSE (real) › happy path: tokens then done ────────
    [chromium] › e2e/aria.sse.spec.ts:67:7 › ARIA SSE (real) › happy path: tokens then done ────────
    [chromium] › e2e/aria.sse.spec.ts:67:7 › ARIA SSE (real) › happy path: tokens then done ────────
    [chromium] › e2e/aria.sse.spec.ts:67:7 › ARIA SSE (real) › happy path: tokens then done ────────
    [chromium] › e2e/aria.sse.spec.ts:67:7 › ARIA SSE (real) › happy path: tokens then done ────────
    [chromium] › e2e/aria.sse.spec.ts:67:7 › ARIA SSE (real) › happy path: tokens then done ────────
    [chromium] › e2e/aria.sse.spec.ts:67:7 › ARIA SSE (real) › happy path: tokens then done ────────
    [chromium] › e2e/aria.sse.spec.ts:67:7 › ARIA SSE (real) › happy path: tokens then done ────────
    [chromium] › e2e/aria.sse.spec.ts:67:7 › ARIA SSE (real) › happy path: tokens then done ────────
    [chromium] › e2e/aria.sse.spec.ts:67:7 › ARIA SSE (real) › happy path: tokens then done ────────
    [chromium] › e2e/aria.sse.spec.ts:67:7 › ARIA SSE (real) › happy path: tokens then done ────────
    [chromium] › e2e/aria.sse.spec.ts:67:7 › ARIA SSE (real) › happy path: tokens then done ────────
    [chromium] › e2e/aria.sse.spec.ts:67:7 › ARIA SSE (real) › happy path: tokens then done ────────
    [chromium] › e2e/aria.sse.spec.ts:67:7 › ARIA SSE (real) › happy path: tokens then done ────────
    [chromium] › e2e/aria.sse.spec.ts:67:7 › ARIA SSE (real) › happy path: tokens then done ────────
    [chromium] › e2e/aria.sse.spec.ts:67:7 › ARIA SSE (real) › happy path: tokens then done ────────
    [chromium] › e2e/aria.sse.spec.ts:67:7 › ARIA SSE (real) › happy path: tokens then done ────────
    [chromium] › e2e/aria.sse.spec.ts:67:7 › ARIA SSE (real) › happy path: tokens then done ────────
    [chromium] › e2e/aria.sse.spec.ts:67:7 › ARIA SSE (real) › happy path: tokens then done ────────
    [chromium] › e2e/aria.sse.spec.ts:67:7 › ARIA SSE (real) › happy path: tokens then done ────────
    [chromium] › e2e/aria.sse.spec.ts:67:7 › ARIA SSE (real) › happy path: tokens then done ────────
    [chromium] › e2e/aria.sse.spec.ts:67:7 › ARIA SSE (real) › happy path: tokens then done ────────
    [chromium] › e2e/aria.sse.spec.ts:67:7 › ARIA SSE (real) › happy path: tokens then done ────────
    [chromium] › e2e/aria.sse.spec.ts:67:7 › ARIA SSE (real) › happy path: tokens then done ────────
    [chromium] › e2e/aria.sse.spec.ts:67:7 › ARIA SSE (real) › happy path: tokens then done ────────
    [chromium] › e2e/aria.sse.spec.ts:67:7 › ARIA SSE (real) › happy path: tokens then done ────────
    [chromium] › e2e/aria.sse.spec.ts:67:7 › ARIA SSE (real) › happy path: tokens then done ────────
    [chromium] › e2e/aria.sse.spec.ts:67:7 › ARIA SSE (real) › happy path: tokens then done ────────
    [chromium] › e2e/aria.sse.spec.ts:67:7 › ARIA SSE (real) › happy path: tokens then done ────────
    [chromium] › e2e/aria.sse.spec.ts:67:7 › ARIA SSE (real) › happy path: tokens then done ────────
    [chromium] › e2e/aria.sse.spec.ts:67:7 › ARIA SSE (real) › happy path: tokens then done ────────
    [chromium] › e2e/aria.sse.spec.ts:67:7 › ARIA SSE (real) › happy path: tokens then done ────────
    [chromium] › e2e/aria.sse.spec.ts:67:7 › ARIA SSE (real) › happy path: tokens then done ────────
  30 passed (29.6s)
