
Running 1 test using 1 worker

[1A[2K[1/1] [chromium] › e2e/crawl.spec.ts:6:5 › crawl buttons & links on key pages
[1A[2K[2/1] (retries) [chromium] › e2e/crawl.spec.ts:6:5 › crawl buttons & links on key pages (retry #1)
[1A[2K  1) [chromium] › e2e/crawl.spec.ts:6:5 › crawl buttons & links on key pages ───────────────────────

    Error: [31mTimed out 20000ms waiting for [39m[2mexpect([22m[31mlocator[39m[2m).[22mtoBeVisible[2m()[22m

    Locator: locator('[data-testid=\'kpi-cards\']')
    Expected: visible
    Received: <element(s) not found>
    Call log:
    [2m  - Expect "toBeVisible" with timeout 20000ms[22m
    [2m  - waiting for locator('[data-testid=\'kpi-cards\']')[22m


      16 |     await page.goto(route.path, { waitUntil: 'networkidle' });
      17 |     await expect(page.locator('text=/Cette page est en cours de construction\\./')).not.toBeVisible();
    > 18 |     await expect(page.locator(route.requiredSelector)).toBeVisible();
         |                                                        ^
      19 |     const clickables = page.locator('a:visible, button:visible, [role="button"]:visible, [data-testid]:visible');
      20 |     const count = Math.min(await clickables.count(), 10);
      21 |     for (let i = 0; i < count; i++) {
        at /home/b13/Téléchargements/nexus-project_v0-front-back-aria/e2e/crawl.spec.ts:18:56

    Error Context: test-results/crawl-crawl-buttons-links-on-key-pages-chromium/error-context.md

    Retry #1 ───────────────────────────────────────────────────────────────────────────────────────

    Error: [31mTimed out 20000ms waiting for [39m[2mexpect([22m[31mlocator[39m[2m).[22mtoBeVisible[2m()[22m

    Locator: locator('[data-testid=\'kpi-cards\']')
    Expected: visible
    Received: <element(s) not found>
    Call log:
    [2m  - Expect "toBeVisible" with timeout 20000ms[22m
    [2m  - waiting for locator('[data-testid=\'kpi-cards\']')[22m


      16 |     await page.goto(route.path, { waitUntil: 'networkidle' });
      17 |     await expect(page.locator('text=/Cette page est en cours de construction\\./')).not.toBeVisible();
    > 18 |     await expect(page.locator(route.requiredSelector)).toBeVisible();
         |                                                        ^
      19 |     const clickables = page.locator('a:visible, button:visible, [role="button"]:visible, [data-testid]:visible');
      20 |     const count = Math.min(await clickables.count(), 10);
      21 |     for (let i = 0; i < count; i++) {
        at /home/b13/Téléchargements/nexus-project_v0-front-back-aria/e2e/crawl.spec.ts:18:56

    Error Context: test-results/crawl-crawl-buttons-links-on-key-pages-chromium-retry1/error-context.md

    attachment #2: trace (application/zip) ─────────────────────────────────────────────────────────
    test-results/crawl-crawl-buttons-links-on-key-pages-chromium-retry1/trace.zip
    Usage:

        npx playwright show-trace test-results/crawl-crawl-buttons-links-on-key-pages-chromium-retry1/trace.zip

    ────────────────────────────────────────────────────────────────────────────────────────────────


[1A[2K  1 failed
    [chromium] › e2e/crawl.spec.ts:6:5 › crawl buttons & links on key pages ────────────────────────
