{"version":8,"type":"context-options","origin":"library","browserName":"chromium","options":{"noDefaultViewport":false,"viewport":{"width":1280,"height":720},"ignoreHTTPSErrors":false,"javaScriptEnabled":true,"bypassCSP":false,"userAgent":"Mozilla/5.0 (Windows NT 10.0; Win64; x64) AppleWebKit/537.36 (KHTML, like Gecko) Chrome/141.0.7390.37 Safari/537.36","locale":"en-US","offline":false,"deviceScaleFactor":1,"isMobile":false,"hasTouch":false,"colorScheme":"light","acceptDownloads":"accept","baseURL":"http://localhost:3000","serviceWorkers":"allow","selectorEngines":[],"testIdAttributeName":"data-testid"},"platform":"linux","wallTime":1762329082709,"monotonicTime":1859.509,"sdkLanguage":"javascript","testIdAttributeName":"data-testid","contextId":"browser-context@3fbf39cc2d4d4b826cc65df8659d354f","title":"dashboard-rag.spec.ts:8 › Dashboard RAG › élève recherche une ressource et ouvre la fiche"}
{"type":"before","callId":"call@6","startTime":1863.232,"class":"BrowserContext","method":"newPage","params":{},"stepId":"pw:api@34","beforeSnapshot":"before@call@6"}
{"type":"event","time":1982.453,"class":"BrowserContext","method":"page","params":{"pageId":"page@a8d7251bd687db0ab3c310d273c3ab07"}}
{"type":"after","callId":"call@6","endTime":1982.571,"result":{"page":"<Page>"},"afterSnapshot":"after@call@6"}
{"type":"before","callId":"call@8","startTime":1987.218,"class":"APIRequestContext","method":"fetch","params":{"url":"http://localhost:3000/api/auth/csrf","method":"GET","timeout":0},"stepId":"pw:api@35","beforeSnapshot":"before@call@8"}
{"type":"log","callId":"call@8","time":1998.42,"message":"→ GET http://localhost:3000/api/auth/csrf"}
{"type":"log","callId":"call@8","time":1998.481,"message":"  user-agent: Mozilla/5.0 (Windows NT 10.0; Win64; x64) AppleWebKit/537.36 (KHTML, like Gecko) Chrome/141.0.7390.37 Safari/537.36"}
{"type":"log","callId":"call@8","time":1998.497,"message":"  accept: */*"}
{"type":"log","callId":"call@8","time":1998.509,"message":"  accept-encoding: gzip,deflate,br"}
{"type":"screencast-frame","pageId":"page@a8d7251bd687db0ab3c310d273c3ab07","sha1":"page@a8d7251bd687db0ab3c310d273c3ab07-1762329082877.jpeg","width":1280,"height":720,"timestamp":2027.66,"frameSwapWallTime":1762329082872.517}
{"type":"log","callId":"call@8","time":2154.045,"message":"← 200 OK"}
{"type":"log","callId":"call@8","time":2154.082,"message":"  vary: RSC, Next-Router-State-Tree, Next-Router-Prefetch"}
{"type":"log","callId":"call@8","time":2154.096,"message":"  cache-control: private, no-cache, no-store"}
{"type":"log","callId":"call@8","time":2154.107,"message":"  content-type: application/json"}
{"type":"log","callId":"call@8","time":2154.118,"message":"  expires: 0"}
{"type":"log","callId":"call@8","time":2154.139,"message":"  pragma: no-cache"}
{"type":"log","callId":"call@8","time":2154.154,"message":"  set-cookie: next-auth.csrf-token=227f9ea188729bf501d06d4eda254afbd068f578f793a5274e94dd6af36c9d31%7Cd5e1222e677fb2f2c99e48409470c2116861941e54aaaaa48189feabff698ad9; Path=/; HttpOnly; SameSite=Lax,next-auth.callback-url=http%3A%2F%2Flocalhost%3A3000; Path=/; HttpOnly; SameSite=Lax"}
{"type":"log","callId":"call@8","time":2154.164,"message":"  date: Wed, 05 Nov 2025 07:51:22 GMT"}
{"type":"log","callId":"call@8","time":2154.173,"message":"  connection: keep-alive"}
{"type":"log","callId":"call@8","time":2154.181,"message":"  keep-alive: timeout=5"}
{"type":"log","callId":"call@8","time":2154.189,"message":"  transfer-encoding: chunked"}
{"type":"after","callId":"call@8","endTime":2157.001,"result":{"response":{"url":"http://localhost:3000/api/auth/csrf","status":200,"statusText":"OK","headers":[{"name":"vary","value":"RSC, Next-Router-State-Tree, Next-Router-Prefetch"},{"name":"cache-control","value":"private, no-cache, no-store"},{"name":"content-type","value":"application/json"},{"name":"expires","value":"0"},{"name":"pragma","value":"no-cache"},{"name":"set-cookie","value":"next-auth.csrf-token=227f9ea188729bf501d06d4eda254afbd068f578f793a5274e94dd6af36c9d31%7Cd5e1222e677fb2f2c99e48409470c2116861941e54aaaaa48189feabff698ad9; Path=/; HttpOnly; SameSite=Lax"},{"name":"set-cookie","value":"next-auth.callback-url=http%3A%2F%2Flocalhost%3A3000; Path=/; HttpOnly; SameSite=Lax"},{"name":"Date","value":"Wed, 05 Nov 2025 07:51:22 GMT"},{"name":"Connection","value":"keep-alive"},{"name":"Keep-Alive","value":"timeout=5"},{"name":"Transfer-Encoding","value":"chunked"}],"fetchUid":"ecb8aa7d1cb41aeb901b9a3977261d69"}},"afterSnapshot":"after@call@8"}
{"type":"before","callId":"call@11","startTime":2162.061,"class":"APIRequestContext","method":"fetch","params":{"url":"http://localhost:3000/api/auth/callback/credentials","method":"POST","formData":[{"name":"csrfToken","value":"227f9ea188729bf501d06d4eda254afbd068f578f793a5274e94dd6af36c9d31"},{"name":"email","value":"student@test.local"},{"name":"password","value":"password"},{"name":"callbackUrl","value":"http://localhost:3000/dashboard"},{"name":"json","value":"true"}],"timeout":0},"stepId":"pw:api@37","beforeSnapshot":"before@call@11"}
{"type":"log","callId":"call@11","time":2164.417,"message":"→ POST http://localhost:3000/api/auth/callback/credentials"}
{"type":"log","callId":"call@11","time":2164.438,"message":"  user-agent: Mozilla/5.0 (Windows NT 10.0; Win64; x64) AppleWebKit/537.36 (KHTML, like Gecko) Chrome/141.0.7390.37 Safari/537.36"}
{"type":"log","callId":"call@11","time":2164.444,"message":"  accept: */*"}
{"type":"log","callId":"call@11","time":2164.45,"message":"  accept-encoding: gzip,deflate,br"}
{"type":"log","callId":"call@11","time":2164.455,"message":"  content-type: application/x-www-form-urlencoded"}
{"type":"log","callId":"call@11","time":2164.46,"message":"  content-length: 183"}
{"type":"log","callId":"call@11","time":2164.466,"message":"  cookie: next-auth.csrf-token=227f9ea188729bf501d06d4eda254afbd068f578f793a5274e94dd6af36c9d31%7Cd5e1222e677fb2f2c99e48409470c2116861941e54aaaaa48189feabff698ad9; next-auth.callback-url=http%3A%2F%2Flocalhost%3A3000"}
{"type":"log","callId":"call@11","time":2352.238,"message":"← 200 OK"}
{"type":"log","callId":"call@11","time":2352.273,"message":"  vary: RSC, Next-Router-State-Tree, Next-Router-Prefetch"}
{"type":"log","callId":"call@11","time":2352.288,"message":"  content-type: application/json"}
{"type":"log","callId":"call@11","time":2352.302,"message":"  set-cookie: next-auth.callback-url=http%3A%2F%2Flocalhost%3A3000%2Fdashboard; Path=/; HttpOnly; SameSite=Lax,next-auth.session-token=eyJhbGciOiJkaXIiLCJlbmMiOiJBMjU2R0NNIn0..6prL_sRcjPGDKHzk.YKLYABH-7HPKZ2Y5jq79bfDKgBqvjiLGAym8h8_dc50GA2CtYmNkwnQ7-gKcdllFEtEaFN1Ey6ovG-N7HK7O4D84Osuy2fK73BBY7snwmnJcNsl4dSqsNedrr8SBJQJgXRdEPd5rXrcxxIqqC65DaD57ECar9ceZedgriVWxXZOunTtqvsZRCvu6Eksclq6TLKIhvnOvsUvV4sou6zqN43ZMaSHgAnHlJ6CCf-NGXTrFxU5aOj5RSzOZkObe7QIFwSQQGrMjVA.sXj9Wre9CtmidW3atygFTQ; Path=/; Expires=Fri, 05 Dec 2025 07:51:23 GMT; HttpOnly; SameSite=Lax"}
{"type":"log","callId":"call@11","time":2352.319,"message":"  date: Wed, 05 Nov 2025 07:51:23 GMT"}
{"type":"log","callId":"call@11","time":2352.336,"message":"  connection: keep-alive"}
{"type":"log","callId":"call@11","time":2352.349,"message":"  keep-alive: timeout=5"}
{"type":"log","callId":"call@11","time":2352.363,"message":"  transfer-encoding: chunked"}
{"type":"after","callId":"call@11","endTime":2353.532,"result":{"response":{"url":"http://localhost:3000/api/auth/callback/credentials","status":200,"statusText":"OK","headers":[{"name":"vary","value":"RSC, Next-Router-State-Tree, Next-Router-Prefetch"},{"name":"content-type","value":"application/json"},{"name":"set-cookie","value":"next-auth.callback-url=http%3A%2F%2Flocalhost%3A3000%2Fdashboard; Path=/; HttpOnly; SameSite=Lax"},{"name":"set-cookie","value":"next-auth.session-token=eyJhbGciOiJkaXIiLCJlbmMiOiJBMjU2R0NNIn0..6prL_sRcjPGDKHzk.YKLYABH-7HPKZ2Y5jq79bfDKgBqvjiLGAym8h8_dc50GA2CtYmNkwnQ7-gKcdllFEtEaFN1Ey6ovG-N7HK7O4D84Osuy2fK73BBY7snwmnJcNsl4dSqsNedrr8SBJQJgXRdEPd5rXrcxxIqqC65DaD57ECar9ceZedgriVWxXZOunTtqvsZRCvu6Eksclq6TLKIhvnOvsUvV4sou6zqN43ZMaSHgAnHlJ6CCf-NGXTrFxU5aOj5RSzOZkObe7QIFwSQQGrMjVA.sXj9Wre9CtmidW3atygFTQ; Path=/; Expires=Fri, 05 Dec 2025 07:51:23 GMT; HttpOnly; SameSite=Lax"},{"name":"Date","value":"Wed, 05 Nov 2025 07:51:23 GMT"},{"name":"Connection","value":"keep-alive"},{"name":"Keep-Alive","value":"timeout=5"},{"name":"Transfer-Encoding","value":"chunked"}],"fetchUid":"82b4272c4565cceffb50524581fa73f3"}},"afterSnapshot":"after@call@11"}
{"type":"before","callId":"call@13","startTime":2356.106,"class":"Frame","method":"goto","params":{"url":"http://localhost:3000/dashboard","timeout":0,"waitUntil":"load"},"stepId":"pw:api@39","pageId":"page@a8d7251bd687db0ab3c310d273c3ab07","beforeSnapshot":"before@call@13"}
{"type":"frame-snapshot","snapshot":{"callId":"call@13","snapshotName":"before@call@13","pageId":"page@a8d7251bd687db0ab3c310d273c3ab07","frameId":"frame@b9df5b23ff31127c5be4b62eefd024a7","frameUrl":"about:blank","html":["HTML",{},["HEAD",{},["BASE",{"href":"about:blank"}]],["BODY"]],"viewport":{"width":1280,"height":720},"timestamp":2358.971,"wallTime":1762329083208,"collectionTime":1.100000023841858,"resourceOverrides":[],"isMainFrame":true}}
{"type":"log","callId":"call@13","time":2360.543,"message":"navigating to \"http://localhost:3000/dashboard\", waiting until \"load\""}
{"type":"screencast-frame","pageId":"page@a8d7251bd687db0ab3c310d273c3ab07","sha1":"page@a8d7251bd687db0ab3c310d273c3ab07-1762329083856.jpeg","width":1280,"height":720,"timestamp":3006.267,"frameSwapWallTime":1762329083848.3281}
{"type":"screencast-frame","pageId":"page@a8d7251bd687db0ab3c310d273c3ab07","sha1":"page@a8d7251bd687db0ab3c310d273c3ab07-1762329083856.jpeg","width":1280,"height":720,"timestamp":3006.675,"frameSwapWallTime":1762329083850.159}
{"type":"screencast-frame","pageId":"page@a8d7251bd687db0ab3c310d273c3ab07","sha1":"page@a8d7251bd687db0ab3c310d273c3ab07-1762329083857.jpeg","width":1280,"height":720,"timestamp":3007.745,"frameSwapWallTime":1762329083851.854}
